TpTrace Verbose: 0 : 26236, 1, 2024/06/19, 16:46:35.724, 5891602648235, vstest.console.dll, Version: 17.10.0-release-24203-04 Current process architecture: X64
TpTrace Verbose: 0 : 26236, 1, 2024/06/19, 16:46:35.727, 5891602673660, vstest.console.dll, Runtime location: C:\Program Files\dotnet\shared\Microsoft.NETCore.App\8.0.5
TpTrace Verbose: 0 : 26236, 1, 2024/06/19, 16:46:35.730, 5891602705144, vstest.console.dll, ArtifactProcessingPostProcessModeProcessorExecutor.Initialize: ArtifactProcessingMode.Collect
TpTrace Verbose: 0 : 26236, 1, 2024/06/19, 16:46:35.730, 5891602706568, vstest.console.dll, TestSessionCorrelationIdProcessorModeProcessorExecutor.Initialize: TestSessionCorrelationId '15996_a566de17-dfb9-4093-9c76-f76d8eb83649'
TpTrace Information: 0 : 26236, 1, 2024/06/19, 16:46:35.738, 5891602783093, vstest.console.dll, FilePatternParser: The given file C:\Users\vc\Desktop\Git\git_push\MiniProject\QuizzAppSolution\QuizzAppTest\bin\Debug\net6.0\fine-code-coverage\build-output\QuizzAppTest.dll is a full path.
TpTrace Verbose: 0 : 26236, 1, 2024/06/19, 16:46:35.742, 5891602827042, vstest.console.dll, TestPluginCache.DiscoverTestExtensions: finding test extensions in assemblies ends with: RuntimeProvider.dll TPluginInfo: Microsoft.VisualStudio.TestPlatform.Common.ExtensionFramework.Utilities.TestRuntimePluginInformation TExtension: Microsoft.VisualStudio.TestPlatform.ObjectModel.Host.ITestRuntimeProvider
TpTrace Verbose: 0 : 26236, 1, 2024/06/19, 16:46:35.742, 5891602830150, vstest.console.dll, TestPluginCache.GetExtensionPaths: Filtered extension paths: 
TpTrace Verbose: 0 : 26236, 1, 2024/06/19, 16:46:35.742, 5891602830841, vstest.console.dll, TestPluginCache.GetExtensionPaths: Added default extension paths: C:\Program Files\dotnet\sdk\8.0.300\Extensions\Microsoft.Diagnostics.NETCore.Client.dll
C:\Program Files\dotnet\sdk\8.0.300\Extensions\Microsoft.TestPlatform.Extensions.BlameDataCollector.dll
C:\Program Files\dotnet\sdk\8.0.300\Extensions\Microsoft.TestPlatform.Extensions.EventLogCollector.dll
C:\Program Files\dotnet\sdk\8.0.300\Extensions\Microsoft.TestPlatform.TestHostRuntimeProvider.dll
C:\Program Files\dotnet\sdk\8.0.300\Extensions\Microsoft.VisualStudio.TestPlatform.Extensions.Html.TestLogger.dll
C:\Program Files\dotnet\sdk\8.0.300\Extensions\Microsoft.VisualStudio.TestPlatform.Extensions.Trx.TestLogger.dll
TpTrace Verbose: 0 : 26236, 1, 2024/06/19, 16:46:35.742, 5891602831030, vstest.console.dll, TestPluginCache.GetExtensionPaths: Added unfilterableExtensionPaths: 
TpTrace Information: 0 : 26236, 1, 2024/06/19, 16:46:35.743, 5891602835150, vstest.console.dll, AssemblyResolver.ctor: Creating AssemblyResolver with searchDirectories C:\Program Files\dotnet\sdk\8.0.300\Extensions,C:\Program Files\dotnet\sdk\8.0.300
TpTrace Verbose: 0 : 26236, 1, 2024/06/19, 16:46:35.745, 5891602853674, vstest.console.dll, TestPluginCache.DiscoverTestExtensions: Discovering the extensions using extension path.
TpTrace Verbose: 0 : 26236, 1, 2024/06/19, 16:46:35.745, 5891602856241, vstest.console.dll, TestPluginCache.GetExtensionPaths: Filtered extension paths: 
TpTrace Verbose: 0 : 26236, 1, 2024/06/19, 16:46:35.745, 5891602856937, vstest.console.dll, TestPluginCache.GetExtensionPaths: Added default extension paths: C:\Program Files\dotnet\sdk\8.0.300\Extensions\Microsoft.Diagnostics.NETCore.Client.dll
C:\Program Files\dotnet\sdk\8.0.300\Extensions\Microsoft.TestPlatform.Extensions.BlameDataCollector.dll
C:\Program Files\dotnet\sdk\8.0.300\Extensions\Microsoft.TestPlatform.Extensions.EventLogCollector.dll
C:\Program Files\dotnet\sdk\8.0.300\Extensions\Microsoft.TestPlatform.TestHostRuntimeProvider.dll
C:\Program Files\dotnet\sdk\8.0.300\Extensions\Microsoft.VisualStudio.TestPlatform.Extensions.Html.TestLogger.dll
C:\Program Files\dotnet\sdk\8.0.300\Extensions\Microsoft.VisualStudio.TestPlatform.Extensions.Trx.TestLogger.dll
TpTrace Verbose: 0 : 26236, 1, 2024/06/19, 16:46:35.745, 5891602857199, vstest.console.dll, TestPluginCache.GetExtensionPaths: Added unfilterableExtensionPaths: 
TpTrace Verbose: 0 : 26236, 1, 2024/06/19, 16:46:35.745, 5891602857880, vstest.console.dll, TestPluginCache.DiscoverTestExtensions: Discovering the extensions using allExtensionPaths: C:\Program Files\dotnet\sdk\8.0.300\Extensions\Microsoft.Diagnostics.NETCore.Client.dll
C:\Program Files\dotnet\sdk\8.0.300\Extensions\Microsoft.TestPlatform.Extensions.BlameDataCollector.dll
C:\Program Files\dotnet\sdk\8.0.300\Extensions\Microsoft.TestPlatform.Extensions.EventLogCollector.dll
C:\Program Files\dotnet\sdk\8.0.300\Extensions\Microsoft.TestPlatform.TestHostRuntimeProvider.dll
C:\Program Files\dotnet\sdk\8.0.300\Extensions\Microsoft.VisualStudio.TestPlatform.Extensions.Html.TestLogger.dll
C:\Program Files\dotnet\sdk\8.0.300\Extensions\Microsoft.VisualStudio.TestPlatform.Extensions.Trx.TestLogger.dll
TpTrace Information: 0 : 26236, 1, 2024/06/19, 16:46:35.745, 5891602859627, vstest.console.dll, AssemblyResolver.AddSearchDirectories: Adding more searchDirectories C:\Program Files\dotnet\sdk\8.0.300\Extensions,C:\Program Files\dotnet\sdk\8.0.300
TpTrace Information: 0 : 26236, 1, 2024/06/19, 16:46:35.745, 5891602860088, vstest.console.dll, AssemblyResolver.AddSearchDirectories: Adding more searchDirectories C:\Program Files\dotnet\sdk\8.0.300\Extensions,C:\Program Files\dotnet\sdk\8.0.300
TpTrace Information: 0 : 26236, 1, 2024/06/19, 16:46:35.745, 5891602860266, vstest.console.dll, AssemblyResolver.AddSearchDirectories: Adding more searchDirectories C:\Program Files\dotnet\sdk\8.0.300\Extensions,C:\Program Files\dotnet\sdk\8.0.300
TpTrace Information: 0 : 26236, 1, 2024/06/19, 16:46:35.745, 5891602860424, vstest.console.dll, AssemblyResolver.AddSearchDirectories: Adding more searchDirectories C:\Program Files\dotnet\sdk\8.0.300\Extensions,C:\Program Files\dotnet\sdk\8.0.300
TpTrace Information: 0 : 26236, 1, 2024/06/19, 16:46:35.745, 5891602860604, vstest.console.dll, AssemblyResolver.AddSearchDirectories: Adding more searchDirectories C:\Program Files\dotnet\sdk\8.0.300\Extensions,C:\Program Files\dotnet\sdk\8.0.300
TpTrace Information: 0 : 26236, 1, 2024/06/19, 16:46:35.745, 5891602860758, vstest.console.dll, AssemblyResolver.AddSearchDirectories: Adding more searchDirectories C:\Program Files\dotnet\sdk\8.0.300\Extensions,C:\Program Files\dotnet\sdk\8.0.300
TpTrace Information: 0 : 26236, 1, 2024/06/19, 16:46:35.746, 5891602865060, vstest.console.dll, AssemblyResolver.OnResolve: Microsoft.Diagnostics.NETCore.Client: Resolving assembly.
TpTrace Information: 0 : 26236, 1, 2024/06/19, 16:46:35.746, 5891602865787, vstest.console.dll, AssemblyResolver.OnResolve: Microsoft.Diagnostics.NETCore.Client: Searching in: 'C:\Program Files\dotnet\sdk\8.0.300\Extensions'.
TpTrace Information: 0 : 26236, 1, 2024/06/19, 16:46:35.753, 5891602937149, vstest.console.dll, AssemblyResolver.OnResolve: Microsoft.Diagnostics.NETCore.Client: Loading assembly 'C:\Program Files\dotnet\sdk\8.0.300\Extensions\Microsoft.Diagnostics.NETCore.Client.dll'.
TpTrace Information: 0 : 26236, 1, 2024/06/19, 16:46:35.754, 5891602942937, vstest.console.dll, AssemblyResolver.OnResolve: Resolved assembly: Microsoft.Diagnostics.NETCore.Client, from path: C:\Program Files\dotnet\sdk\8.0.300\Extensions\Microsoft.Diagnostics.NETCore.Client.dll
TpTrace Verbose: 0 : 26236, 1, 2024/06/19, 16:46:35.757, 5891602977781, vstest.console.dll, MetadataReaderExtensionsHelper: Discovering extensions inside assembly 'Microsoft.Diagnostics.NETCore.Client, Version=0.2.10.15101, Culture=neutral, PublicKeyToken=31bf3856ad364e35' file path 'C:\Program Files\dotnet\sdk\8.0.300\Extensions\Microsoft.Diagnostics.NETCore.Client.dll'
TpTrace Information: 0 : 26236, 1, 2024/06/19, 16:46:35.760, 5891603010739, vstest.console.dll, AssemblyResolver.OnResolve: Microsoft.Bcl.AsyncInterfaces: Resolving assembly.
TpTrace Information: 0 : 26236, 1, 2024/06/19, 16:46:35.761, 5891603012721, vstest.console.dll, AssemblyResolver.OnResolve: Microsoft.Bcl.AsyncInterfaces: Searching in: 'C:\Program Files\dotnet\sdk\8.0.300\Extensions'.
TpTrace Information: 0 : 26236, 1, 2024/06/19, 16:46:35.761, 5891603014061, vstest.console.dll, AssemblyResolver.OnResolve: Microsoft.Bcl.AsyncInterfaces: Assembly path does not exist: 'C:\Program Files\dotnet\sdk\8.0.300\Extensions\Microsoft.Bcl.AsyncInterfaces.dll', returning.
TpTrace Information: 0 : 26236, 1, 2024/06/19, 16:46:35.761, 5891603015514, vstest.console.dll, AssemblyResolver.OnResolve: Microsoft.Bcl.AsyncInterfaces: Assembly path does not exist: 'C:\Program Files\dotnet\sdk\8.0.300\Extensions\Microsoft.Bcl.AsyncInterfaces.exe', returning.
TpTrace Information: 0 : 26236, 1, 2024/06/19, 16:46:35.761, 5891603015838, vstest.console.dll, AssemblyResolver.OnResolve: Microsoft.Bcl.AsyncInterfaces: Searching in: 'C:\Program Files\dotnet\sdk\8.0.300'.
TpTrace Information: 0 : 26236, 1, 2024/06/19, 16:46:35.761, 5891603016417, vstest.console.dll, AssemblyResolver.OnResolve: Microsoft.Bcl.AsyncInterfaces: Assembly path does not exist: 'C:\Program Files\dotnet\sdk\8.0.300\Microsoft.Bcl.AsyncInterfaces.dll', returning.
TpTrace Information: 0 : 26236, 1, 2024/06/19, 16:46:35.761, 5891603016859, vstest.console.dll, AssemblyResolver.OnResolve: Microsoft.Bcl.AsyncInterfaces: Assembly path does not exist: 'C:\Program Files\dotnet\sdk\8.0.300\Microsoft.Bcl.AsyncInterfaces.exe', returning.
TpTrace Information: 0 : 26236, 1, 2024/06/19, 16:46:35.761, 5891603017215, vstest.console.dll, AssemblyResolver.OnResolve: Microsoft.Bcl.AsyncInterfaces: Failed to load assembly.
TpTrace Verbose: 0 : 26236, 1, 2024/06/19, 16:46:35.761, 5891603017691, vstest.console.dll, CurrentDomainAssemblyResolve: Resolving assembly 'Microsoft.Bcl.AsyncInterfaces'.
TpTrace Information: 0 : 26236, 1, 2024/06/19, 16:46:35.761, 5891603019904, vstest.console.dll, AssemblyResolver.OnResolve: Microsoft.Bcl.AsyncInterfaces: Resolving assembly.
TpTrace Information: 0 : 26236, 1, 2024/06/19, 16:46:35.761, 5891603022054, vstest.console.dll, AssemblyResolver.OnResolve: Microsoft.Bcl.AsyncInterfaces: Resolved from cache.
TpTrace Verbose: 0 : 26236, 1, 2024/06/19, 16:46:35.762, 5891603022597, vstest.console.dll, CurrentDomainAssemblyResolve: Resolving assembly 'Microsoft.Bcl.AsyncInterfaces'.
TpTrace Verbose: 0 : 26236, 1, 2024/06/19, 16:46:35.762, 5891603023188, vstest.console.dll, CurrentDomainAssemblyResolve: Failed to resolve assembly 'Microsoft.Bcl.AsyncInterfaces'.
TpTrace Verbose: 0 : 26236, 1, 2024/06/19, 16:46:35.763, 5891603038060, vstest.console.dll, CurrentDomainAssemblyResolve: Failed to resolve assembly 'Microsoft.Bcl.AsyncInterfaces'.
TpTrace Warning: 0 : 26236, 1, 2024/06/19, 16:46:35.772, 5891603131745, vstest.console.dll, TestPluginDiscoverer: Failed to get types from assembly 'Microsoft.Diagnostics.NETCore.Client, Version=0.2.10.15101, Culture=neutral, PublicKeyToken=31bf3856ad364e35'. Error: System.Reflection.ReflectionTypeLoadException: Unable to load one or more of the requested types.
Could not load file or assembly 'Microsoft.Bcl.AsyncInterfaces, Version=6.0.0.0, Culture=neutral, PublicKeyToken=cc7b13ffcd2ddd51'. The system cannot find the file specified.
   at System.Reflection.RuntimeModule.GetTypes(RuntimeModule module)
   at System.Reflection.RuntimeModule.GetTypes()
   at Microsoft.VisualStudio.TestPlatform.Common.ExtensionFramework.TestPluginDiscoverer.GetTestExtensionsFromAssembly[TPluginInfo,TExtension](Assembly assembly, Dictionary`2 pluginInfos, String filePath) in /_/src/Microsoft.TestPlatform.Common/ExtensionFramework/TestPluginDiscoverer.cs:line 158
System.IO.FileNotFoundException: Could not load file or assembly 'Microsoft.Bcl.AsyncInterfaces, Version=6.0.0.0, Culture=neutral, PublicKeyToken=cc7b13ffcd2ddd51'. The system cannot find the file specified.
File name: 'Microsoft.Bcl.AsyncInterfaces, Version=6.0.0.0, Culture=neutral, PublicKeyToken=cc7b13ffcd2ddd51'
 ---> System.IO.FileNotFoundException: Could not load file or assembly 'Microsoft.Bcl.AsyncInterfaces, Culture=neutral, PublicKeyToken=null'. The system cannot find the file specified.
File name: 'Microsoft.Bcl.AsyncInterfaces, Culture=neutral, PublicKeyToken=null'
   at System.Reflection.RuntimeAssembly.InternalLoad(AssemblyName assemblyName, StackCrawlMark& stackMark, AssemblyLoadContext assemblyLoadContext, RuntimeAssembly requestingAssembly, Boolean throwOnFileNotFound)
   at System.Reflection.Assembly.Load(AssemblyName assemblyRef)
   at Microsoft.VisualStudio.TestPlatform.Common.ExtensionFramework.TestPluginCache.CurrentDomainAssemblyResolve(Object sender, AssemblyResolveEventArgs args) in /_/src/Microsoft.TestPlatform.Common/ExtensionFramework/TestPluginCache.cs:line 513
   at System.Runtime.Loader.AssemblyLoadContext.GetFirstResolvedAssemblyFromResolvingEvent(AssemblyName assemblyName)
   at System.Runtime.Loader.AssemblyLoadContext.ResolveUsingEvent(AssemblyName assemblyName)
   at System.Runtime.Loader.AssemblyLoadContext.ResolveUsingResolvingEvent(IntPtr gchManagedAssemblyLoadContext, AssemblyName assemblyName)
TpTrace Warning: 0 : 26236, 1, 2024/06/19, 16:46:35.773, 5891603134629, vstest.console.dll, LoaderExceptions: System.IO.FileNotFoundException: Could not load file or assembly 'Microsoft.Bcl.AsyncInterfaces, Version=6.0.0.0, Culture=neutral, PublicKeyToken=cc7b13ffcd2ddd51'. The system cannot find the file specified.
File name: 'Microsoft.Bcl.AsyncInterfaces, Version=6.0.0.0, Culture=neutral, PublicKeyToken=cc7b13ffcd2ddd51'
 ---> System.IO.FileNotFoundException: Could not load file or assembly 'Microsoft.Bcl.AsyncInterfaces, Culture=neutral, PublicKeyToken=null'. The system cannot find the file specified.
File name: 'Microsoft.Bcl.AsyncInterfaces, Culture=neutral, PublicKeyToken=null'
   at System.Reflection.RuntimeAssembly.InternalLoad(AssemblyName assemblyName, StackCrawlMark& stackMark, AssemblyLoadContext assemblyLoadContext, RuntimeAssembly requestingAssembly, Boolean throwOnFileNotFound)
   at System.Reflection.Assembly.Load(AssemblyName assemblyRef)
   at Microsoft.VisualStudio.TestPlatform.Common.ExtensionFramework.TestPluginCache.CurrentDomainAssemblyResolve(Object sender, AssemblyResolveEventArgs args) in /_/src/Microsoft.TestPlatform.Common/ExtensionFramework/TestPluginCache.cs:line 513
   at System.Runtime.Loader.AssemblyLoadContext.GetFirstResolvedAssemblyFromResolvingEvent(AssemblyName assemblyName)
   at System.Runtime.Loader.AssemblyLoadContext.ResolveUsingEvent(AssemblyName assemblyName)
   at System.Runtime.Loader.AssemblyLoadContext.ResolveUsingResolvingEvent(IntPtr gchManagedAssemblyLoadContext, AssemblyName assemblyName)
TpTrace Information: 0 : 26236, 1, 2024/06/19, 16:46:35.773, 5891603135755, vstest.console.dll, AssemblyResolver.OnResolve: Microsoft.TestPlatform.Extensions.BlameDataCollector: Resolving assembly.
TpTrace Information: 0 : 26236, 1, 2024/06/19, 16:46:35.773, 5891603136016, vstest.console.dll, AssemblyResolver.OnResolve: Microsoft.TestPlatform.Extensions.BlameDataCollector: Searching in: 'C:\Program Files\dotnet\sdk\8.0.300\Extensions'.
TpTrace Information: 0 : 26236, 1, 2024/06/19, 16:46:35.773, 5891603139999, vstest.console.dll, AssemblyResolver.OnResolve: Microsoft.TestPlatform.Extensions.BlameDataCollector: Loading assembly 'C:\Program Files\dotnet\sdk\8.0.300\Extensions\Microsoft.TestPlatform.Extensions.BlameDataCollector.dll'.
TpTrace Information: 0 : 26236, 1, 2024/06/19, 16:46:35.774, 5891603145258, vstest.console.dll, AssemblyResolver.OnResolve: Resolved assembly: Microsoft.TestPlatform.Extensions.BlameDataCollector, from path: C:\Program Files\dotnet\sdk\8.0.300\Extensions\Microsoft.TestPlatform.Extensions.BlameDataCollector.dll
TpTrace Verbose: 0 : 26236, 1, 2024/06/19, 16:46:35.774, 5891603145874, vstest.console.dll, MetadataReaderExtensionsHelper: Discovering extensions inside assembly 'Microsoft.TestPlatform.Extensions.BlameDataCollector, Version=15.0.0.0, Culture=neutral, PublicKeyToken=b03f5f7f11d50a3a' file path 'C:\Program Files\dotnet\sdk\8.0.300\Extensions\Microsoft.TestPlatform.Extensions.BlameDataCollector.dll'
TpTrace Information: 0 : 26236, 1, 2024/06/19, 16:46:35.775, 5891603156715, vstest.console.dll, AssemblyResolver.OnResolve: Microsoft.TestPlatform.Extensions.EventLogCollector: Resolving assembly.
TpTrace Information: 0 : 26236, 1, 2024/06/19, 16:46:35.775, 5891603157236, vstest.console.dll, AssemblyResolver.OnResolve: Microsoft.TestPlatform.Extensions.EventLogCollector: Searching in: 'C:\Program Files\dotnet\sdk\8.0.300\Extensions'.
TpTrace Information: 0 : 26236, 1, 2024/06/19, 16:46:35.775, 5891603161802, vstest.console.dll, AssemblyResolver.OnResolve: Microsoft.TestPlatform.Extensions.EventLogCollector: Loading assembly 'C:\Program Files\dotnet\sdk\8.0.300\Extensions\Microsoft.TestPlatform.Extensions.EventLogCollector.dll'.
TpTrace Information: 0 : 26236, 1, 2024/06/19, 16:46:35.776, 5891603165022, vstest.console.dll, AssemblyResolver.OnResolve: Resolved assembly: Microsoft.TestPlatform.Extensions.EventLogCollector, from path: C:\Program Files\dotnet\sdk\8.0.300\Extensions\Microsoft.TestPlatform.Extensions.EventLogCollector.dll
TpTrace Verbose: 0 : 26236, 1, 2024/06/19, 16:46:35.776, 5891603165529, vstest.console.dll, MetadataReaderExtensionsHelper: Discovering extensions inside assembly 'Microsoft.TestPlatform.Extensions.EventLogCollector, Version=15.0.0.0, Culture=neutral, PublicKeyToken=b03f5f7f11d50a3a' file path 'C:\Program Files\dotnet\sdk\8.0.300\Extensions\Microsoft.TestPlatform.Extensions.EventLogCollector.dll'
TpTrace Information: 0 : 26236, 1, 2024/06/19, 16:46:35.778, 5891603191354, vstest.console.dll, AssemblyResolver.OnResolve: Microsoft.TestPlatform.TestHostRuntimeProvider: Resolving assembly.
TpTrace Information: 0 : 26236, 1, 2024/06/19, 16:46:35.779, 5891603193192, vstest.console.dll, AssemblyResolver.OnResolve: Microsoft.TestPlatform.TestHostRuntimeProvider: Searching in: 'C:\Program Files\dotnet\sdk\8.0.300\Extensions'.
TpTrace Information: 0 : 26236, 1, 2024/06/19, 16:46:35.779, 5891603197099, vstest.console.dll, AssemblyResolver.OnResolve: Microsoft.TestPlatform.TestHostRuntimeProvider: Loading assembly 'C:\Program Files\dotnet\sdk\8.0.300\Extensions\Microsoft.TestPlatform.TestHostRuntimeProvider.dll'.
TpTrace Information: 0 : 26236, 1, 2024/06/19, 16:46:35.779, 5891603200792, vstest.console.dll, AssemblyResolver.OnResolve: Resolved assembly: Microsoft.TestPlatform.TestHostRuntimeProvider, from path: C:\Program Files\dotnet\sdk\8.0.300\Extensions\Microsoft.TestPlatform.TestHostRuntimeProvider.dll
TpTrace Verbose: 0 : 26236, 1, 2024/06/19, 16:46:35.779, 5891603201330, vstest.console.dll, MetadataReaderExtensionsHelper: Discovering extensions inside assembly 'Microsoft.TestPlatform.TestHostRuntimeProvider, Version=15.0.0.0, Culture=neutral, PublicKeyToken=b03f5f7f11d50a3a' file path 'C:\Program Files\dotnet\sdk\8.0.300\Extensions\Microsoft.TestPlatform.TestHostRuntimeProvider.dll'
TpTrace Information: 0 : 26236, 1, 2024/06/19, 16:46:35.781, 5891603213703, vstest.console.dll, GetTestExtensionFromType: Register extension with identifier data 'HostProvider://DefaultTestHost' and type 'Microsoft.VisualStudio.TestPlatform.CrossPlatEngine.Hosting.DefaultTestHostManager, Microsoft.TestPlatform.TestHostRuntimeProvider, Version=15.0.0.0, Culture=neutral, PublicKeyToken=b03f5f7f11d50a3a' inside file 'C:\Program Files\dotnet\sdk\8.0.300\Extensions\Microsoft.TestPlatform.TestHostRuntimeProvider.dll'
TpTrace Information: 0 : 26236, 1, 2024/06/19, 16:46:35.781, 5891603216098, vstest.console.dll, GetTestExtensionFromType: Register extension with identifier data 'HostProvider://DotnetTestHost' and type 'Microsoft.VisualStudio.TestPlatform.CrossPlatEngine.Hosting.DotnetTestHostManager, Microsoft.TestPlatform.TestHostRuntimeProvider, Version=15.0.0.0, Culture=neutral, PublicKeyToken=b03f5f7f11d50a3a' inside file 'C:\Program Files\dotnet\sdk\8.0.300\Extensions\Microsoft.TestPlatform.TestHostRuntimeProvider.dll'
TpTrace Information: 0 : 26236, 1, 2024/06/19, 16:46:35.781, 5891603216763, vstest.console.dll, AssemblyResolver.OnResolve: Microsoft.VisualStudio.TestPlatform.Extensions.Html.TestLogger: Resolving assembly.
TpTrace Information: 0 : 26236, 1, 2024/06/19, 16:46:35.781, 5891603216972, vstest.console.dll, AssemblyResolver.OnResolve: Microsoft.VisualStudio.TestPlatform.Extensions.Html.TestLogger: Searching in: 'C:\Program Files\dotnet\sdk\8.0.300\Extensions'.
TpTrace Information: 0 : 26236, 1, 2024/06/19, 16:46:35.781, 5891603221465, vstest.console.dll, AssemblyResolver.OnResolve: Microsoft.VisualStudio.TestPlatform.Extensions.Html.TestLogger: Loading assembly 'C:\Program Files\dotnet\sdk\8.0.300\Extensions\Microsoft.VisualStudio.TestPlatform.Extensions.Html.TestLogger.dll'.
TpTrace Information: 0 : 26236, 1, 2024/06/19, 16:46:35.782, 5891603225921, vstest.console.dll, AssemblyResolver.OnResolve: Resolved assembly: Microsoft.VisualStudio.TestPlatform.Extensions.Html.TestLogger, from path: C:\Program Files\dotnet\sdk\8.0.300\Extensions\Microsoft.VisualStudio.TestPlatform.Extensions.Html.TestLogger.dll
TpTrace Verbose: 0 : 26236, 1, 2024/06/19, 16:46:35.782, 5891603226413, vstest.console.dll, MetadataReaderExtensionsHelper: Discovering extensions inside assembly 'Microsoft.VisualStudio.TestPlatform.Extensions.Html.TestLogger, Version=15.0.0.0, Culture=neutral, PublicKeyToken=b03f5f7f11d50a3a' file path 'C:\Program Files\dotnet\sdk\8.0.300\Extensions\Microsoft.VisualStudio.TestPlatform.Extensions.Html.TestLogger.dll'
TpTrace Information: 0 : 26236, 1, 2024/06/19, 16:46:35.783, 5891603234413, vstest.console.dll, AssemblyResolver.OnResolve: Microsoft.VisualStudio.TestPlatform.Extensions.Trx.TestLogger: Resolving assembly.
TpTrace Information: 0 : 26236, 1, 2024/06/19, 16:46:35.783, 5891603234875, vstest.console.dll, AssemblyResolver.OnResolve: Microsoft.VisualStudio.TestPlatform.Extensions.Trx.TestLogger: Searching in: 'C:\Program Files\dotnet\sdk\8.0.300\Extensions'.
TpTrace Information: 0 : 26236, 1, 2024/06/19, 16:46:35.783, 5891603238350, vstest.console.dll, AssemblyResolver.OnResolve: Microsoft.VisualStudio.TestPlatform.Extensions.Trx.TestLogger: Loading assembly 'C:\Program Files\dotnet\sdk\8.0.300\Extensions\Microsoft.VisualStudio.TestPlatform.Extensions.Trx.TestLogger.dll'.
TpTrace Information: 0 : 26236, 1, 2024/06/19, 16:46:35.783, 5891603242220, vstest.console.dll, AssemblyResolver.OnResolve: Resolved assembly: Microsoft.VisualStudio.TestPlatform.Extensions.Trx.TestLogger, from path: C:\Program Files\dotnet\sdk\8.0.300\Extensions\Microsoft.VisualStudio.TestPlatform.Extensions.Trx.TestLogger.dll
TpTrace Verbose: 0 : 26236, 1, 2024/06/19, 16:46:35.784, 5891603242786, vstest.console.dll, MetadataReaderExtensionsHelper: Discovering extensions inside assembly 'Microsoft.VisualStudio.TestPlatform.Extensions.Trx.TestLogger, Version=15.0.0.0, Culture=neutral, PublicKeyToken=b03f5f7f11d50a3a' file path 'C:\Program Files\dotnet\sdk\8.0.300\Extensions\Microsoft.VisualStudio.TestPlatform.Extensions.Trx.TestLogger.dll'
TpTrace Verbose: 0 : 26236, 1, 2024/06/19, 16:46:35.784, 5891603251213, vstest.console.dll, TestPluginCache: Discovered the extensions using extension path ''.
TpTrace Verbose: 0 : 26236, 1, 2024/06/19, 16:46:35.784, 5891603251859, vstest.console.dll, TestPluginCache: Discoverers are ''.
TpTrace Verbose: 0 : 26236, 1, 2024/06/19, 16:46:35.784, 5891603252019, vstest.console.dll, TestPluginCache: Executors are ''.
TpTrace Verbose: 0 : 26236, 1, 2024/06/19, 16:46:35.784, 5891603252148, vstest.console.dll, TestPluginCache: Executors2 are ''.
TpTrace Verbose: 0 : 26236, 1, 2024/06/19, 16:46:35.785, 5891603252276, vstest.console.dll, TestPluginCache: Setting providers are ''.
TpTrace Verbose: 0 : 26236, 1, 2024/06/19, 16:46:35.785, 5891603252404, vstest.console.dll, TestPluginCache: Loggers are ''.
TpTrace Verbose: 0 : 26236, 1, 2024/06/19, 16:46:35.785, 5891603253617, vstest.console.dll, TestPluginCache: TestHosts are 'HostProvider://DefaultTestHost,HostProvider://DotnetTestHost'.
TpTrace Verbose: 0 : 26236, 1, 2024/06/19, 16:46:35.785, 5891603253893, vstest.console.dll, TestPluginCache: DataCollectors are ''.
TpTrace Information: 0 : 26236, 1, 2024/06/19, 16:46:35.796, 5891603368948, vstest.console.dll, RunTestsArgumentProcessor:Execute: Test run is starting.
TpTrace Verbose: 0 : 26236, 1, 2024/06/19, 16:46:35.796, 5891603370203, vstest.console.dll, RunTestsArgumentProcessor:Execute: Queuing Test run.
TpTrace Information: 0 : 26236, 1, 2024/06/19, 16:46:35.797, 5891603372870, vstest.console.dll, TestRequestManager.RunTests: run tests started.
TpTrace Information: 0 : 26236, 1, 2024/06/19, 16:46:35.798, 5891603387170, vstest.console.dll, AssemblyMetadataProvider.GetFrameworkName: Determined framework:'.NETCoreApp,Version=v6.0' for source: 'C:\Users\vc\Desktop\Git\git_push\MiniProject\QuizzAppSolution\QuizzAppTest\bin\Debug\net6.0\fine-code-coverage\build-output\QuizzAppTest.dll'
TpTrace Information: 0 : 26236, 1, 2024/06/19, 16:46:35.798, 5891603388652, vstest.console.dll, Determined framework for all sources: .NETCoreApp,Version=v6.0
TpTrace Verbose: 0 : 26236, 1, 2024/06/19, 16:46:35.798, 5891603391617, vstest.console.dll, TestRequestManager.UpdateRunSettingsIfRequired: Default architecture: X64 IsDefaultTargetArchitecture: True, Current process architecture: X64 OperatingSystem: Windows.
TpTrace Information: 0 : 26236, 1, 2024/06/19, 16:46:35.800, 5891603404337, vstest.console.dll, AssemblyMetadataProvider.GetArchitecture: Determined architecture:AnyCPU info for assembly: C:\Users\vc\Desktop\Git\git_push\MiniProject\QuizzAppSolution\QuizzAppTest\bin\Debug\net6.0\fine-code-coverage\build-output\QuizzAppTest.dll
TpTrace Information: 0 : 26236, 1, 2024/06/19, 16:46:35.800, 5891603404846, vstest.console.dll, Determined platform for source 'C:\Users\vc\Desktop\Git\git_push\MiniProject\QuizzAppSolution\QuizzAppTest\bin\Debug\net6.0\fine-code-coverage\build-output\QuizzAppTest.dll' was AnyCPU and it will use the default plaform X64.
TpTrace Information: 0 : 26236, 1, 2024/06/19, 16:46:35.800, 5891603405006, vstest.console.dll, None of the sources provided any runnable platform, using the default platform: X64
TpTrace Information: 0 : 26236, 1, 2024/06/19, 16:46:35.800, 5891603405751, vstest.console.dll, Platform was updated to 'X64'.
TpTrace Information: 0 : 26236, 1, 2024/06/19, 16:46:35.802, 5891603431374, vstest.console.dll, InferRunSettingsHelper.IsTestSettingsEnabled: Unable to navigate to RunSettings/MSTest. Current node: RunSettings
TpTrace Information: 0 : 26236, 1, 2024/06/19, 16:46:35.803, 5891603437188, vstest.console.dll, AssemblyResolver.OnResolve: Microsoft.VisualStudio.TestPlatform.Fakes: Resolving assembly.
TpTrace Information: 0 : 26236, 1, 2024/06/19, 16:46:35.803, 5891603437817, vstest.console.dll, AssemblyResolver.OnResolve: Microsoft.VisualStudio.TestPlatform.Fakes: Searching in: 'C:\Program Files\dotnet\sdk\8.0.300\Extensions'.
TpTrace Information: 0 : 26236, 1, 2024/06/19, 16:46:35.803, 5891603438711, vstest.console.dll, AssemblyResolver.OnResolve: Microsoft.VisualStudio.TestPlatform.Fakes: Assembly path does not exist: 'C:\Program Files\dotnet\sdk\8.0.300\Extensions\Microsoft.VisualStudio.TestPlatform.Fakes.dll', returning.
TpTrace Information: 0 : 26236, 1, 2024/06/19, 16:46:35.803, 5891603439152, vstest.console.dll, AssemblyResolver.OnResolve: Microsoft.VisualStudio.TestPlatform.Fakes: Assembly path does not exist: 'C:\Program Files\dotnet\sdk\8.0.300\Extensions\Microsoft.VisualStudio.TestPlatform.Fakes.exe', returning.
TpTrace Information: 0 : 26236, 1, 2024/06/19, 16:46:35.803, 5891603439352, vstest.console.dll, AssemblyResolver.OnResolve: Microsoft.VisualStudio.TestPlatform.Fakes: Searching in: 'C:\Program Files\dotnet\sdk\8.0.300'.
TpTrace Information: 0 : 26236, 1, 2024/06/19, 16:46:35.803, 5891603439726, vstest.console.dll, AssemblyResolver.OnResolve: Microsoft.VisualStudio.TestPlatform.Fakes: Assembly path does not exist: 'C:\Program Files\dotnet\sdk\8.0.300\Microsoft.VisualStudio.TestPlatform.Fakes.dll', returning.
TpTrace Information: 0 : 26236, 1, 2024/06/19, 16:46:35.803, 5891603440033, vstest.console.dll, AssemblyResolver.OnResolve: Microsoft.VisualStudio.TestPlatform.Fakes: Assembly path does not exist: 'C:\Program Files\dotnet\sdk\8.0.300\Microsoft.VisualStudio.TestPlatform.Fakes.exe', returning.
TpTrace Information: 0 : 26236, 1, 2024/06/19, 16:46:35.803, 5891603440183, vstest.console.dll, AssemblyResolver.OnResolve: Microsoft.VisualStudio.TestPlatform.Fakes: Failed to load assembly.
TpTrace Information: 0 : 26236, 1, 2024/06/19, 16:46:35.804, 5891603442470, vstest.console.dll, Failed to load assembly Microsoft.VisualStudio.TestPlatform.Fakes, Version=17.0.0.0, Culture=neutral. Reason:System.IO.FileNotFoundException: Could not load file or assembly 'Microsoft.VisualStudio.TestPlatform.Fakes, Version=17.0.0.0, Culture=neutral, PublicKeyToken=null'. The system cannot find the file specified.
File name: 'Microsoft.VisualStudio.TestPlatform.Fakes, Version=17.0.0.0, Culture=neutral, PublicKeyToken=null'
   at System.Reflection.RuntimeAssembly.InternalLoad(AssemblyName assemblyName, StackCrawlMark& stackMark, AssemblyLoadContext assemblyLoadContext, RuntimeAssembly requestingAssembly, Boolean throwOnFileNotFound)
   at System.Reflection.Assembly.Load(AssemblyName assemblyRef)
   at Microsoft.VisualStudio.TestPlatform.Common.Utilities.FakesUtilities.LoadTestPlatformAssembly() in /_/src/Microsoft.TestPlatform.Common/Utilities/FakesUtilities.cs:line 272
TpTrace Verbose: 0 : 26236, 1, 2024/06/19, 16:46:35.806, 5891603467616, vstest.console.dll, TestPluginCache.DiscoverTestExtensions: finding test extensions in assemblies ends with: TestLogger.dll TPluginInfo: Microsoft.VisualStudio.TestPlatform.Common.ExtensionFramework.Utilities.TestLoggerPluginInformation TExtension: Microsoft.VisualStudio.TestPlatform.ObjectModel.Client.ITestLogger
TpTrace Verbose: 0 : 26236, 1, 2024/06/19, 16:46:35.806, 5891603468700, vstest.console.dll, TestPluginCache.GetExtensionPaths: Filtered extension paths: 
TpTrace Verbose: 0 : 26236, 1, 2024/06/19, 16:46:35.806, 5891603468942, vstest.console.dll, TestPluginCache.GetExtensionPaths: Added default extension paths: C:\Program Files\dotnet\sdk\8.0.300\Extensions\Microsoft.Diagnostics.NETCore.Client.dll
C:\Program Files\dotnet\sdk\8.0.300\Extensions\Microsoft.TestPlatform.Extensions.BlameDataCollector.dll
C:\Program Files\dotnet\sdk\8.0.300\Extensions\Microsoft.TestPlatform.Extensions.EventLogCollector.dll
C:\Program Files\dotnet\sdk\8.0.300\Extensions\Microsoft.TestPlatform.TestHostRuntimeProvider.dll
C:\Program Files\dotnet\sdk\8.0.300\Extensions\Microsoft.VisualStudio.TestPlatform.Extensions.Html.TestLogger.dll
C:\Program Files\dotnet\sdk\8.0.300\Extensions\Microsoft.VisualStudio.TestPlatform.Extensions.Trx.TestLogger.dll
TpTrace Verbose: 0 : 26236, 1, 2024/06/19, 16:46:35.806, 5891603469158, vstest.console.dll, TestPluginCache.GetExtensionPaths: Added unfilterableExtensionPaths: 
TpTrace Information: 0 : 26236, 1, 2024/06/19, 16:46:35.806, 5891603470487, vstest.console.dll, AssemblyResolver.AddSearchDirectories: Adding more searchDirectories C:\Program Files\dotnet\sdk\8.0.300\Extensions,C:\Program Files\dotnet\sdk\8.0.300
TpTrace Verbose: 0 : 26236, 1, 2024/06/19, 16:46:35.806, 5891603470782, vstest.console.dll, TestPluginCache.DiscoverTestExtensions: Discovering the extensions using extension path.
TpTrace Verbose: 0 : 26236, 1, 2024/06/19, 16:46:35.806, 5891603470979, vstest.console.dll, TestPluginCache.GetExtensionPaths: Filtered extension paths: 
TpTrace Verbose: 0 : 26236, 1, 2024/06/19, 16:46:35.806, 5891603471228, vstest.console.dll, TestPluginCache.GetExtensionPaths: Added default extension paths: C:\Program Files\dotnet\sdk\8.0.300\Extensions\Microsoft.Diagnostics.NETCore.Client.dll
C:\Program Files\dotnet\sdk\8.0.300\Extensions\Microsoft.TestPlatform.Extensions.BlameDataCollector.dll
C:\Program Files\dotnet\sdk\8.0.300\Extensions\Microsoft.TestPlatform.Extensions.EventLogCollector.dll
C:\Program Files\dotnet\sdk\8.0.300\Extensions\Microsoft.TestPlatform.TestHostRuntimeProvider.dll
C:\Program Files\dotnet\sdk\8.0.300\Extensions\Microsoft.VisualStudio.TestPlatform.Extensions.Html.TestLogger.dll
C:\Program Files\dotnet\sdk\8.0.300\Extensions\Microsoft.VisualStudio.TestPlatform.Extensions.Trx.TestLogger.dll
TpTrace Verbose: 0 : 26236, 1, 2024/06/19, 16:46:35.806, 5891603471397, vstest.console.dll, TestPluginCache.GetExtensionPaths: Added unfilterableExtensionPaths: 
TpTrace Verbose: 0 : 26236, 1, 2024/06/19, 16:46:35.806, 5891603471587, vstest.console.dll, TestPluginCache.DiscoverTestExtensions: Discovering the extensions using allExtensionPaths: C:\Program Files\dotnet\sdk\8.0.300\Extensions\Microsoft.Diagnostics.NETCore.Client.dll
C:\Program Files\dotnet\sdk\8.0.300\Extensions\Microsoft.TestPlatform.Extensions.BlameDataCollector.dll
C:\Program Files\dotnet\sdk\8.0.300\Extensions\Microsoft.TestPlatform.Extensions.EventLogCollector.dll
C:\Program Files\dotnet\sdk\8.0.300\Extensions\Microsoft.TestPlatform.TestHostRuntimeProvider.dll
C:\Program Files\dotnet\sdk\8.0.300\Extensions\Microsoft.VisualStudio.TestPlatform.Extensions.Html.TestLogger.dll
C:\Program Files\dotnet\sdk\8.0.300\Extensions\Microsoft.VisualStudio.TestPlatform.Extensions.Trx.TestLogger.dll
TpTrace Information: 0 : 26236, 1, 2024/06/19, 16:46:35.807, 5891603472908, vstest.console.dll, AssemblyResolver.AddSearchDirectories: Adding more searchDirectories C:\Program Files\dotnet\sdk\8.0.300\Extensions,C:\Program Files\dotnet\sdk\8.0.300
TpTrace Information: 0 : 26236, 1, 2024/06/19, 16:46:35.807, 5891603473180, vstest.console.dll, AssemblyResolver.AddSearchDirectories: Adding more searchDirectories C:\Program Files\dotnet\sdk\8.0.300\Extensions,C:\Program Files\dotnet\sdk\8.0.300
TpTrace Information: 0 : 26236, 1, 2024/06/19, 16:46:35.807, 5891603473369, vstest.console.dll, AssemblyResolver.AddSearchDirectories: Adding more searchDirectories C:\Program Files\dotnet\sdk\8.0.300\Extensions,C:\Program Files\dotnet\sdk\8.0.300
TpTrace Information: 0 : 26236, 1, 2024/06/19, 16:46:35.807, 5891603473550, vstest.console.dll, AssemblyResolver.AddSearchDirectories: Adding more searchDirectories C:\Program Files\dotnet\sdk\8.0.300\Extensions,C:\Program Files\dotnet\sdk\8.0.300
TpTrace Information: 0 : 26236, 1, 2024/06/19, 16:46:35.807, 5891603473820, vstest.console.dll, AssemblyResolver.AddSearchDirectories: Adding more searchDirectories C:\Program Files\dotnet\sdk\8.0.300\Extensions,C:\Program Files\dotnet\sdk\8.0.300
TpTrace Information: 0 : 26236, 1, 2024/06/19, 16:46:35.807, 5891603473999, vstest.console.dll, AssemblyResolver.AddSearchDirectories: Adding more searchDirectories C:\Program Files\dotnet\sdk\8.0.300\Extensions,C:\Program Files\dotnet\sdk\8.0.300
TpTrace Verbose: 0 : 26236, 1, 2024/06/19, 16:46:35.807, 5891603475368, vstest.console.dll, MetadataReaderExtensionsHelper: Discovering extensions inside assembly 'Microsoft.Diagnostics.NETCore.Client, Version=0.2.10.15101, Culture=neutral, PublicKeyToken=31bf3856ad364e35' file path 'C:\Program Files\dotnet\sdk\8.0.300\Extensions\Microsoft.Diagnostics.NETCore.Client.dll'
TpTrace Information: 0 : 26236, 1, 2024/06/19, 16:46:35.808, 5891603487314, vstest.console.dll, AssemblyResolver.OnResolve: Microsoft.Bcl.AsyncInterfaces: Resolving assembly.
TpTrace Information: 0 : 26236, 1, 2024/06/19, 16:46:35.808, 5891603487988, vstest.console.dll, AssemblyResolver.OnResolve: Microsoft.Bcl.AsyncInterfaces: Resolved from cache.
TpTrace Verbose: 0 : 26236, 1, 2024/06/19, 16:46:35.808, 5891603488162, vstest.console.dll, CurrentDomainAssemblyResolve: Resolving assembly 'Microsoft.Bcl.AsyncInterfaces'.
TpTrace Information: 0 : 26236, 1, 2024/06/19, 16:46:35.808, 5891603488469, vstest.console.dll, AssemblyResolver.OnResolve: Microsoft.Bcl.AsyncInterfaces: Resolving assembly.
TpTrace Information: 0 : 26236, 1, 2024/06/19, 16:46:35.808, 5891603488620, vstest.console.dll, AssemblyResolver.OnResolve: Microsoft.Bcl.AsyncInterfaces: Resolved from cache.
TpTrace Verbose: 0 : 26236, 1, 2024/06/19, 16:46:35.808, 5891603488760, vstest.console.dll, CurrentDomainAssemblyResolve: Resolving assembly 'Microsoft.Bcl.AsyncInterfaces'.
TpTrace Verbose: 0 : 26236, 1, 2024/06/19, 16:46:35.808, 5891603488903, vstest.console.dll, CurrentDomainAssemblyResolve: Failed to resolve assembly 'Microsoft.Bcl.AsyncInterfaces'.
TpTrace Verbose: 0 : 26236, 1, 2024/06/19, 16:46:35.808, 5891603490137, vstest.console.dll, CurrentDomainAssemblyResolve: Failed to resolve assembly 'Microsoft.Bcl.AsyncInterfaces'.
TpTrace Warning: 0 : 26236, 1, 2024/06/19, 16:46:35.809, 5891603492753, vstest.console.dll, TestPluginDiscoverer: Failed to get types from assembly 'Microsoft.Diagnostics.NETCore.Client, Version=0.2.10.15101, Culture=neutral, PublicKeyToken=31bf3856ad364e35'. Error: System.Reflection.ReflectionTypeLoadException: Unable to load one or more of the requested types.
Could not load file or assembly 'Microsoft.Bcl.AsyncInterfaces, Version=6.0.0.0, Culture=neutral, PublicKeyToken=cc7b13ffcd2ddd51'. The system cannot find the file specified.
   at System.Reflection.RuntimeModule.GetTypes(RuntimeModule module)
   at System.Reflection.RuntimeModule.GetTypes()
   at Microsoft.VisualStudio.TestPlatform.Common.ExtensionFramework.TestPluginDiscoverer.GetTestExtensionsFromAssembly[TPluginInfo,TExtension](Assembly assembly, Dictionary`2 pluginInfos, String filePath) in /_/src/Microsoft.TestPlatform.Common/ExtensionFramework/TestPluginDiscoverer.cs:line 158
System.IO.FileNotFoundException: Could not load file or assembly 'Microsoft.Bcl.AsyncInterfaces, Version=6.0.0.0, Culture=neutral, PublicKeyToken=cc7b13ffcd2ddd51'. The system cannot find the file specified.
File name: 'Microsoft.Bcl.AsyncInterfaces, Version=6.0.0.0, Culture=neutral, PublicKeyToken=cc7b13ffcd2ddd51'
 ---> System.IO.FileNotFoundException: Could not load file or assembly 'Microsoft.Bcl.AsyncInterfaces, Culture=neutral, PublicKeyToken=null'. The system cannot find the file specified.
File name: 'Microsoft.Bcl.AsyncInterfaces, Culture=neutral, PublicKeyToken=null'
   at System.Reflection.RuntimeAssembly.InternalLoad(AssemblyName assemblyName, StackCrawlMark& stackMark, AssemblyLoadContext assemblyLoadContext, RuntimeAssembly requestingAssembly, Boolean throwOnFileNotFound)
   at System.Reflection.Assembly.Load(AssemblyName assemblyRef)
   at Microsoft.VisualStudio.TestPlatform.Common.ExtensionFramework.TestPluginCache.CurrentDomainAssemblyResolve(Object sender, AssemblyResolveEventArgs args) in /_/src/Microsoft.TestPlatform.Common/ExtensionFramework/TestPluginCache.cs:line 513
   at System.Runtime.Loader.AssemblyLoadContext.GetFirstResolvedAssemblyFromResolvingEvent(AssemblyName assemblyName)
   at System.Runtime.Loader.AssemblyLoadContext.ResolveUsingEvent(AssemblyName assemblyName)
   at System.Runtime.Loader.AssemblyLoadContext.ResolveUsingResolvingEvent(IntPtr gchManagedAssemblyLoadContext, AssemblyName assemblyName)
TpTrace Warning: 0 : 26236, 1, 2024/06/19, 16:46:35.809, 5891603493824, vstest.console.dll, LoaderExceptions: System.IO.FileNotFoundException: Could not load file or assembly 'Microsoft.Bcl.AsyncInterfaces, Version=6.0.0.0, Culture=neutral, PublicKeyToken=cc7b13ffcd2ddd51'. The system cannot find the file specified.
File name: 'Microsoft.Bcl.AsyncInterfaces, Version=6.0.0.0, Culture=neutral, PublicKeyToken=cc7b13ffcd2ddd51'
 ---> System.IO.FileNotFoundException: Could not load file or assembly 'Microsoft.Bcl.AsyncInterfaces, Culture=neutral, PublicKeyToken=null'. The system cannot find the file specified.
File name: 'Microsoft.Bcl.AsyncInterfaces, Culture=neutral, PublicKeyToken=null'
   at System.Reflection.RuntimeAssembly.InternalLoad(AssemblyName assemblyName, StackCrawlMark& stackMark, AssemblyLoadContext assemblyLoadContext, RuntimeAssembly requestingAssembly, Boolean throwOnFileNotFound)
   at System.Reflection.Assembly.Load(AssemblyName assemblyRef)
   at Microsoft.VisualStudio.TestPlatform.Common.ExtensionFramework.TestPluginCache.CurrentDomainAssemblyResolve(Object sender, AssemblyResolveEventArgs args) in /_/src/Microsoft.TestPlatform.Common/ExtensionFramework/TestPluginCache.cs:line 513
   at System.Runtime.Loader.AssemblyLoadContext.GetFirstResolvedAssemblyFromResolvingEvent(AssemblyName assemblyName)
   at System.Runtime.Loader.AssemblyLoadContext.ResolveUsingEvent(AssemblyName assemblyName)
   at System.Runtime.Loader.AssemblyLoadContext.ResolveUsingResolvingEvent(IntPtr gchManagedAssemblyLoadContext, AssemblyName assemblyName)
TpTrace Verbose: 0 : 26236, 1, 2024/06/19, 16:46:35.809, 5891603494387, vstest.console.dll, MetadataReaderExtensionsHelper: Discovering extensions inside assembly 'Microsoft.TestPlatform.Extensions.BlameDataCollector, Version=15.0.0.0, Culture=neutral, PublicKeyToken=b03f5f7f11d50a3a' file path 'C:\Program Files\dotnet\sdk\8.0.300\Extensions\Microsoft.TestPlatform.Extensions.BlameDataCollector.dll'
TpTrace Information: 0 : 26236, 1, 2024/06/19, 16:46:35.809, 5891603500332, vstest.console.dll, GetTestExtensionFromType: Register extension with identifier data 'logger://Microsoft/TestPlatform/Extensions/Blame/v1' and type 'Microsoft.TestPlatform.Extensions.BlameDataCollector.BlameLogger, Microsoft.TestPlatform.Extensions.BlameDataCollector, Version=15.0.0.0, Culture=neutral, PublicKeyToken=b03f5f7f11d50a3a' inside file 'C:\Program Files\dotnet\sdk\8.0.300\Extensions\Microsoft.TestPlatform.Extensions.BlameDataCollector.dll'
TpTrace Verbose: 0 : 26236, 1, 2024/06/19, 16:46:35.809, 5891603500844, vstest.console.dll, MetadataReaderExtensionsHelper: Discovering extensions inside assembly 'Microsoft.TestPlatform.Extensions.EventLogCollector, Version=15.0.0.0, Culture=neutral, PublicKeyToken=b03f5f7f11d50a3a' file path 'C:\Program Files\dotnet\sdk\8.0.300\Extensions\Microsoft.TestPlatform.Extensions.EventLogCollector.dll'
TpTrace Verbose: 0 : 26236, 1, 2024/06/19, 16:46:35.810, 5891603503973, vstest.console.dll, MetadataReaderExtensionsHelper: Discovering extensions inside assembly 'Microsoft.TestPlatform.TestHostRuntimeProvider, Version=15.0.0.0, Culture=neutral, PublicKeyToken=b03f5f7f11d50a3a' file path 'C:\Program Files\dotnet\sdk\8.0.300\Extensions\Microsoft.TestPlatform.TestHostRuntimeProvider.dll'
TpTrace Verbose: 0 : 26236, 1, 2024/06/19, 16:46:35.810, 5891603506378, vstest.console.dll, MetadataReaderExtensionsHelper: Discovering extensions inside assembly 'Microsoft.VisualStudio.TestPlatform.Extensions.Html.TestLogger, Version=15.0.0.0, Culture=neutral, PublicKeyToken=b03f5f7f11d50a3a' file path 'C:\Program Files\dotnet\sdk\8.0.300\Extensions\Microsoft.VisualStudio.TestPlatform.Extensions.Html.TestLogger.dll'
TpTrace Information: 0 : 26236, 1, 2024/06/19, 16:46:35.811, 5891603512634, vstest.console.dll, GetTestExtensionFromType: Register extension with identifier data 'logger://Microsoft/TestPlatform/HtmlLogger/v1' and type 'Microsoft.VisualStudio.TestPlatform.Extensions.HtmlLogger.HtmlLogger, Microsoft.VisualStudio.TestPlatform.Extensions.Html.TestLogger, Version=15.0.0.0, Culture=neutral, PublicKeyToken=b03f5f7f11d50a3a' inside file 'C:\Program Files\dotnet\sdk\8.0.300\Extensions\Microsoft.VisualStudio.TestPlatform.Extensions.Html.TestLogger.dll'
TpTrace Verbose: 0 : 26236, 1, 2024/06/19, 16:46:35.811, 5891603513451, vstest.console.dll, MetadataReaderExtensionsHelper: Discovering extensions inside assembly 'Microsoft.VisualStudio.TestPlatform.Extensions.Trx.TestLogger, Version=15.0.0.0, Culture=neutral, PublicKeyToken=b03f5f7f11d50a3a' file path 'C:\Program Files\dotnet\sdk\8.0.300\Extensions\Microsoft.VisualStudio.TestPlatform.Extensions.Trx.TestLogger.dll'
TpTrace Information: 0 : 26236, 1, 2024/06/19, 16:46:35.811, 5891603520657, vstest.console.dll, GetTestExtensionFromType: Register extension with identifier data 'logger://Microsoft/TestPlatform/TrxLogger/v1' and type 'Microsoft.VisualStudio.TestPlatform.Extensions.TrxLogger.TrxLogger, Microsoft.VisualStudio.TestPlatform.Extensions.Trx.TestLogger, Version=15.0.0.0, Culture=neutral, PublicKeyToken=b03f5f7f11d50a3a' inside file 'C:\Program Files\dotnet\sdk\8.0.300\Extensions\Microsoft.VisualStudio.TestPlatform.Extensions.Trx.TestLogger.dll'
TpTrace Verbose: 0 : 26236, 1, 2024/06/19, 16:46:35.811, 5891603521532, vstest.console.dll, TestPluginCache: Discovered the extensions using extension path ''.
TpTrace Verbose: 0 : 26236, 1, 2024/06/19, 16:46:35.811, 5891603521728, vstest.console.dll, TestPluginCache: Discoverers are ''.
TpTrace Verbose: 0 : 26236, 1, 2024/06/19, 16:46:35.811, 5891603521867, vstest.console.dll, TestPluginCache: Executors are ''.
TpTrace Verbose: 0 : 26236, 1, 2024/06/19, 16:46:35.811, 5891603521997, vstest.console.dll, TestPluginCache: Executors2 are ''.
TpTrace Verbose: 0 : 26236, 1, 2024/06/19, 16:46:35.811, 5891603522184, vstest.console.dll, TestPluginCache: Setting providers are ''.
TpTrace Verbose: 0 : 26236, 1, 2024/06/19, 16:46:35.812, 5891603522765, vstest.console.dll, TestPluginCache: Loggers are 'logger://Microsoft/TestPlatform/Extensions/Blame/v1,logger://Microsoft/TestPlatform/HtmlLogger/v1,logger://Microsoft/TestPlatform/TrxLogger/v1'.
TpTrace Verbose: 0 : 26236, 1, 2024/06/19, 16:46:35.812, 5891603523038, vstest.console.dll, TestPluginCache: TestHosts are 'HostProvider://DefaultTestHost,HostProvider://DotnetTestHost'.
TpTrace Verbose: 0 : 26236, 1, 2024/06/19, 16:46:35.812, 5891603523187, vstest.console.dll, TestPluginCache: DataCollectors are ''.
TpTrace Information: 0 : 26236, 1, 2024/06/19, 16:46:35.813, 5891603532586, vstest.console.dll, TestPluginManager.CreateTestExtension: Attempting to load test extension: Microsoft.TestPlatform.Extensions.BlameDataCollector.BlameLogger
TpTrace Verbose: 0 : 26236, 1, 2024/06/19, 16:46:35.819, 5891603597992, vstest.console.dll, TestEngine: Initializing Parallel Execution as MaxCpuCount is set to: 1
TpTrace Information: 0 : 26236, 1, 2024/06/19, 16:46:35.820, 5891603609487, vstest.console.dll, TestPluginManager.CreateTestExtension: Attempting to load test extension: Microsoft.VisualStudio.TestPlatform.CrossPlatEngine.Hosting.DefaultTestHostManager
TpTrace Information: 0 : 26236, 1, 2024/06/19, 16:46:35.821, 5891603621669, vstest.console.dll, TestPluginManager.CreateTestExtension: Attempting to load test extension: Microsoft.VisualStudio.TestPlatform.CrossPlatEngine.Hosting.DotnetTestHostManager
TpTrace Information: 0 : 26236, 1, 2024/06/19, 16:46:35.822, 5891603626366, vstest.console.dll, InferRunSettingsHelper.IsTestSettingsEnabled: Unable to navigate to RunSettings/MSTest. Current node: RunSettings
TpTrace Verbose: 0 : 26236, 1, 2024/06/19, 16:46:35.822, 5891603630853, vstest.console.dll, ParallelOperationManager.ClearSlots: Clearing all slots. Slots should accept more work: True
TpTrace Verbose: 0 : 26236, 1, 2024/06/19, 16:46:35.823, 5891603635725, vstest.console.dll, ParallelOperationManager.SetOccupiedSlotCount: Setting slot counts AvailableSlotCount = 1, OccupiedSlotCount = 0.
TpTrace Verbose: 0 : 26236, 1, 2024/06/19, 16:46:35.823, 5891603637960, vstest.console.dll, Occupied slots:

TpTrace Verbose: 0 : 26236, 1, 2024/06/19, 16:46:35.826, 5891603666037, vstest.console.dll, TestEngine.GetExecutionManager: Chosen execution manager 'Microsoft.VisualStudio.TestPlatform.CrossPlatEngine.Client.Parallel.ParallelProxyExecutionManager, Microsoft.TestPlatform.CrossPlatEngine, Version=15.0.0.0, Culture=neutral, PublicKeyToken=b03f5f7f11d50a3a' ParallelLevel '1'.
TpTrace Verbose: 0 : 26236, 1, 2024/06/19, 16:46:35.826, 5891603667821, vstest.console.dll, TestRunRequest.ExecuteAsync: Creating test run request.
TpTrace Verbose: 0 : 26236, 1, 2024/06/19, 16:46:35.826, 5891603669949, vstest.console.dll, TestRunRequest.ExecuteAsync: Starting.
TpTrace Information: 0 : 26236, 1, 2024/06/19, 16:46:35.828, 5891603690368, vstest.console.dll, TestRunRequest.ExecuteAsync: Starting run with settings:TestRunCriteria:
   KeepAlive=False,FrequencyOfRunStatsChangeEvent=10,RunStatsChangeEventTimeout=00:00:01.5000000,TestCaseFilter=,TestExecutorLauncher=
   Settingsxml=<RunSettings>
  <RunConfiguration>
    <ResultsDirectory>C:\Users\vc\Desktop\Git\git_push\MiniProject\QuizzAppSolution\QuizzAppTest\bin\Debug\net6.0\fine-code-coverage\coverage-tool-output</ResultsDirectory>
    <TargetPlatform>X64</TargetPlatform>
    <TargetFrameworkVersion>.NETCoreApp,Version=v6.0</TargetFrameworkVersion>
    <DesignMode>False</DesignMode>
    <CollectSourceInformation>False</CollectSourceInformation>
  </RunConfiguration>
  <LoggerRunSettings>
    <Loggers>
      <Logger friendlyName="blame" enabled="True" />
      <Logger friendlyName="Console" uri="logger://microsoft/TestPlatform/ConsoleLogger/v1" assemblyQualifiedName="Microsoft.VisualStudio.TestPlatform.CommandLine.Internal.ConsoleLogger, vstest.console, Version=15.0.0.0, Culture=neutral, PublicKeyToken=b03f5f7f11d50a3a" codeBase="C:\Program Files\dotnet\sdk\8.0.300\vstest.console.dll" enabled="True" />
    </Loggers>
  </LoggerRunSettings>
  <DataCollectionRunSettings>
    <DataCollectors>
      <DataCollector friendlyName="blame" enabled="True">
        <Configuration>
          <ResultsDirectory>C:\Users\vc\Desktop\Git\git_push\MiniProject\QuizzAppSolution\QuizzAppTest\bin\Debug\net6.0\fine-code-coverage\coverage-tool-output</ResultsDirectory>
        </Configuration>
      </DataCollector>
    </DataCollectors>
  </DataCollectionRunSettings>
</RunSettings>

TpTrace Verbose: 0 : 26236, 1, 2024/06/19, 16:46:35.828, 5891603691892, vstest.console.dll, TestRunRequest.ExecuteAsync: Wait for the first run request is over.
TpTrace Verbose: 0 : 26236, 1, 2024/06/19, 16:46:35.829, 5891603696130, vstest.console.dll, MulticastDelegateUtilities.SafeInvoke: TestRun.TestRunStart: Invoking callbacks was skipped because there are no subscribers.
TpTrace Verbose: 0 : 26236, 4, 2024/06/19, 16:46:35.829, 5891603698147, vstest.console.dll, MulticastDelegateUtilities.SafeInvoke: InternalTestLoggerEvents.SendTestRunStart: Invoking callback 1/1 for Microsoft.VisualStudio.TestPlatform.CommandLine.Internal.ConsoleLogger., took 0 ms.
TpTrace Verbose: 0 : 26236, 1, 2024/06/19, 16:46:35.830, 5891603705908, vstest.console.dll, ParallelProxyExecutionManager: Start execution. Total sources: 1
TpTrace Verbose: 0 : 26236, 1, 2024/06/19, 16:46:35.830, 5891603709777, vstest.console.dll, ParallelOperationManager.StartWork: Starting adding 1 workloads.
TpTrace Verbose: 0 : 26236, 1, 2024/06/19, 16:46:35.830, 5891603710417, vstest.console.dll, ParallelOperationManager.ClearSlots: Clearing all slots. Slots should accept more work: True
TpTrace Verbose: 0 : 26236, 1, 2024/06/19, 16:46:35.830, 5891603710999, vstest.console.dll, ParallelOperationManager.SetOccupiedSlotCount: Setting slot counts AvailableSlotCount = 1, OccupiedSlotCount = 0.
TpTrace Verbose: 0 : 26236, 1, 2024/06/19, 16:46:35.830, 5891603711287, vstest.console.dll, Occupied slots:

TpTrace Verbose: 0 : 26236, 1, 2024/06/19, 16:46:35.831, 5891603721797, vstest.console.dll, TestRequestSender is acting as server.
TpTrace Verbose: 0 : 26236, 1, 2024/06/19, 16:46:35.832, 5891603730345, vstest.console.dll, ParallelOperationManager.RunWorkInParallel: Adding 1 workload to slot, remaining workloads 0.
TpTrace Verbose: 0 : 26236, 1, 2024/06/19, 16:46:35.832, 5891603730750, vstest.console.dll, ParallelOperationManager.SetOccupiedSlotCount: Setting slot counts AvailableSlotCount = 0, OccupiedSlotCount = 1.
TpTrace Verbose: 0 : 26236, 1, 2024/06/19, 16:46:35.832, 5891603731460, vstest.console.dll, Occupied slots:
0: C:\Users\vc\Desktop\Git\git_push\MiniProject\QuizzAppSolution\QuizzAppTest\bin\Debug\net6.0\fine-code-coverage\build-output\QuizzAppTest.dll
TpTrace Verbose: 0 : 26236, 1, 2024/06/19, 16:46:35.833, 5891603740190, vstest.console.dll, ParallelOperationManager.RunWorkInParallel: Started host in slot number 0 for work (source): C:\Users\vc\Desktop\Git\git_push\MiniProject\QuizzAppSolution\QuizzAppTest\bin\Debug\net6.0\fine-code-coverage\build-output\QuizzAppTest.dll.
TpTrace Verbose: 0 : 26236, 1, 2024/06/19, 16:46:35.834, 5891603748048, vstest.console.dll, ParallelOperationManager.RunWorkInParallel: We started 1 work items, which is the max parallel level. Won't start more work.
TpTrace Verbose: 0 : 26236, 1, 2024/06/19, 16:46:35.834, 5891603748576, vstest.console.dll, ParallelOperationManager.RunWorkInParallel: We started 1 work items in here, returning True.
TpTrace Information: 0 : 26236, 1, 2024/06/19, 16:46:35.834, 5891603748969, vstest.console.dll, TestRunRequest.ExecuteAsync: Started.
TpTrace Verbose: 0 : 26236, 5, 2024/06/19, 16:46:35.834, 5891603749657, vstest.console.dll, ParallelProxyExecutionManager.StartTestRunOnConcurrentManager: Initializing uninitialized client. Started clients: 0
TpTrace Verbose: 0 : 26236, 5, 2024/06/19, 16:46:35.834, 5891603750859, vstest.console.dll, DataCollectionRequestSender.InitializeCommunication : Initialize communication. 
TpTrace Verbose: 0 : 26236, 1, 2024/06/19, 16:46:35.835, 5891603753456, vstest.console.dll, TestRunRequest.WaitForCompletion: Waiting with timeout -1.
TpTrace Information: 0 : 26236, 5, 2024/06/19, 16:46:35.840, 5891603806267, vstest.console.dll, Listening on Endpoint : 127.0.0.1:56570
TpTrace Verbose: 0 : 26236, 5, 2024/06/19, 16:46:35.846, 5891603871206, vstest.console.dll, DotnetDataCollectionLauncher: Adding  --runtimeconfig "C:\Program Files\dotnet\sdk\8.0.300\datacollector.runtimeconfig.json" in args
TpTrace Verbose: 0 : 26236, 5, 2024/06/19, 16:46:35.847, 5891603872374, vstest.console.dll, DotnetDataCollectionLauncher: Adding  --depsfile "C:\Program Files\dotnet\sdk\8.0.300\datacollector.deps.json" in args
TpTrace Verbose: 0 : 26236, 5, 2024/06/19, 16:46:35.847, 5891603873564, vstest.console.dll, DotnetDataCollectionLauncher: Full path of dotnet.exe is C:\Program Files\dotnet\dotnet.exe
TpTrace Information: 0 : 26236, 5, 2024/06/19, 16:46:35.851, 5891603922137, vstest.console.dll, ProxyDataCollectionManager.Initialize: Launched datacollector processId: 20308 port: 56570
TpTrace Information: 0 : 26236, 5, 2024/06/19, 16:46:35.852, 5891603923817, vstest.console.dll, ProxyDataCollectionManager.Initialize: waiting for connection with timeout: 90 seconds
TpTrace Verbose: 0 : 26236, 5, 2024/06/19, 16:46:35.852, 5891603924196, vstest.console.dll, DataCollectionRequestSender.WaitForRequestHandlerConnection : Waiting for connection with timeout: 90000
TpTrace Information: 0 : 26236, 7, 2024/06/19, 16:46:35.985, 5891605256513, vstest.console.dll, Using the buffer size of 16384 bytes
TpTrace Verbose: 0 : 26236, 5, 2024/06/19, 16:46:35.985, 5891605256513, vstest.console.dll, SocketCommunicationManager.WaitForClientConnection took: 133 ms, with 90000 ms timeout, and finished with True.
TpTrace Information: 0 : 26236, 7, 2024/06/19, 16:46:35.985, 5891605257750, vstest.console.dll, Accepted Client request and set the flag
TpTrace Verbose: 0 : 26236, 5, 2024/06/19, 16:46:35.985, 5891605258920, vstest.console.dll, ProxyDataCollectionManager.InvokeDataCollectionServiceAction: Starting.
TpTrace Information: 0 : 26236, 5, 2024/06/19, 16:46:35.985, 5891605259635, vstest.console.dll, ProxyDataCollectionManager.BeforeTestRunStart: Get environment variable and port for datacollector processId: 20308 port: 56570
TpTrace Verbose: 0 : 26236, 5, 2024/06/19, 16:46:35.985, 5891605260558, vstest.console.dll, DataCollectionRequestSender.SendBeforeTestRunStartAndGetResult: Send BeforeTestRunStart message with settingsXml <RunSettings><RunConfiguration><ResultsDirectory>C:\Users\vc\Desktop\Git\git_push\MiniProject\QuizzAppSolution\QuizzAppTest\bin\Debug\net6.0\fine-code-coverage\coverage-tool-output</ResultsDirectory><TargetPlatform>X64</TargetPlatform><TargetFrameworkVersion>.NETCoreApp,Version=v6.0</TargetFrameworkVersion><DesignMode>False</DesignMode><CollectSourceInformation>False</CollectSourceInformation><TestAdaptersPaths>C:\Program Files\dotnet\sdk\8.0.300\Extensions</TestAdaptersPaths></RunConfiguration><LoggerRunSettings><Loggers><Logger friendlyName="blame" enabled="True" /><Logger friendlyName="Console" uri="logger://microsoft/TestPlatform/ConsoleLogger/v1" assemblyQualifiedName="Microsoft.VisualStudio.TestPlatform.CommandLine.Internal.ConsoleLogger, vstest.console, Version=15.0.0.0, Culture=neutral, PublicKeyToken=b03f5f7f11d50a3a" codeBase="C:\Program Files\dotnet\sdk\8.0.300\vstest.console.dll" enabled="True" /></Loggers></LoggerRunSettings><DataCollectionRunSettings><DataCollectors><DataCollector friendlyName="blame" enabled="True"><Configuration><ResultsDirectory>C:\Users\vc\Desktop\Git\git_push\MiniProject\QuizzAppSolution\QuizzAppTest\bin\Debug\net6.0\fine-code-coverage\coverage-tool-output</ResultsDirectory></Configuration></DataCollector></DataCollectors></DataCollectionRunSettings></RunSettings> and sources System.Collections.Generic.List`1[System.String]: 
TpTrace Verbose: 0 : 26236, 5, 2024/06/19, 16:46:36.031, 5891605716688, vstest.console.dll, DataCollectionRequestSender.SendBeforeTestRunStartAndGetResult: Received message: (DataCollection.SendMessage) -> {"MessageType":"DataCollection.SendMessage","Payload":{"FriendlyName":null,"Uri":null,"TestCaseId":"00000000-0000-0000-0000-000000000000","Message":"Logging DataCollector Diagnostics in file: C:\\Users\\vc\\Desktop\\Git\\git_push\\MiniProject\\QuizzAppSolution\\QuizzAppTest\\bin\\Debug\\net6.0\\fine-code-coverage\\coverage-tool-output\\diagnostics.datacollector.24-06-19_16-46-35_84654_5.log","Level":0}}
TpTrace Verbose: 0 : 26236, 5, 2024/06/19, 16:46:36.096, 5891606367779, vstest.console.dll, DataCollectionRequestSender.SendBeforeTestRunStartAndGetResult: Received message: (DataCollection.BeforeTestRunStartResult) -> {"MessageType":"DataCollection.BeforeTestRunStartResult","Payload":{"EnvironmentVariables":{},"DataCollectionEventsPort":56572}}
TpTrace Information: 0 : 26236, 5, 2024/06/19, 16:46:36.099, 5891606401399, vstest.console.dll, ProxyDataCollectionManager.BeforeTestRunStart: SendBeforeTestRunStartAndGetResult successful, env variable from datacollector:   and testhost port: 56572
TpTrace Information: 0 : 26236, 5, 2024/06/19, 16:46:36.100, 5891606402293, vstest.console.dll, ProxyDataCollectionManager.InvokeDataCollectionServiceAction: Completed.
TpTrace Verbose: 0 : 26236, 5, 2024/06/19, 16:46:36.100, 5891606402540, vstest.console.dll, ParallelProxyExecutionManager.StartTestRunOnConcurrentManager: Initializing test run. Started clients: 0
TpTrace Verbose: 0 : 26236, 5, 2024/06/19, 16:46:36.100, 5891606403109, vstest.console.dll, ProxyExecutionManager: Test host is always Lazy initialize.
TpTrace Verbose: 0 : 26236, 5, 2024/06/19, 16:46:36.100, 5891606404742, vstest.console.dll, TestRequestSender.InitializeCommunication: initialize communication. 
TpTrace Information: 0 : 26236, 5, 2024/06/19, 16:46:36.100, 5891606408691, vstest.console.dll, SocketServer.Start: Listening on endpoint : 127.0.0.1:56573
TpTrace Verbose: 0 : 26236, 5, 2024/06/19, 16:46:36.101, 5891606416445, vstest.console.dll, DotnetTestHostmanager.GetTestHostProcessStartInfo: Platform environment 'X64' target architecture 'X64' framework '.NETCoreApp,Version=v6.0' OS 'Windows'
TpTrace Verbose: 0 : 26236, 5, 2024/06/19, 16:46:36.101, 5891606418804, vstest.console.dll, DotnetTestHostmanager: Adding  --runtimeconfig "C:\Users\vc\Desktop\Git\git_push\MiniProject\QuizzAppSolution\QuizzAppTest\bin\Debug\net6.0\fine-code-coverage\build-output\QuizzAppTest.runtimeconfig.json" in args
TpTrace Verbose: 0 : 26236, 5, 2024/06/19, 16:46:36.101, 5891606419420, vstest.console.dll, DotnetTestHostmanager: Adding  --depsfile "C:\Users\vc\Desktop\Git\git_push\MiniProject\QuizzAppSolution\QuizzAppTest\bin\Debug\net6.0\fine-code-coverage\build-output\QuizzAppTest.deps.json" in args
TpTrace Verbose: 0 : 26236, 5, 2024/06/19, 16:46:36.101, 5891606421464, vstest.console.dll, DotnetTestHostmanager.IsWinOnArm: Current PROCESSOR_ARCHITECTURE from environment variable 'AMD64'
TpTrace Verbose: 0 : 26236, 5, 2024/06/19, 16:46:36.101, 5891606421893, vstest.console.dll, DotnetTestHostmanager.IsWinOnArm: Is Windows on ARM 'False'
TpTrace Verbose: 0 : 26236, 5, 2024/06/19, 16:46:36.102, 5891606422462, vstest.console.dll, DotnetTestHostManager: testhost.exe found at path: C:\Users\vc\Desktop\Git\git_push\MiniProject\QuizzAppSolution\QuizzAppTest\bin\Debug\net6.0\fine-code-coverage\build-output\testhost.exe
TpTrace Verbose: 0 : 26236, 5, 2024/06/19, 16:46:36.102, 5891606422738, vstest.console.dll, DotnetTestHostmanager: Full path of host exe is C:\Users\vc\Desktop\Git\git_push\MiniProject\QuizzAppSolution\QuizzAppTest\bin\Debug\net6.0\fine-code-coverage\build-output\testhost.exe
TpTrace Verbose: 0 : 26236, 5, 2024/06/19, 16:46:36.102, 5891606423604, vstest.console.dll, DotnetTestHostmanager.LaunchTestHostAsync: Found 'VSTEST_WINAPPHOST_DOTNET_ROOT' in env variables, value 'C:\Program Files\dotnet', forwarding to 'DOTNET_ROOT'
TpTrace Verbose: 0 : 26236, 5, 2024/06/19, 16:46:36.102, 5891606424738, vstest.console.dll, DotnetTestHostManager: Starting process 'C:\Users\vc\Desktop\Git\git_push\MiniProject\QuizzAppSolution\QuizzAppTest\bin\Debug\net6.0\fine-code-coverage\build-output\testhost.exe' with command line ' --runtimeconfig "C:\Users\vc\Desktop\Git\git_push\MiniProject\QuizzAppSolution\QuizzAppTest\bin\Debug\net6.0\fine-code-coverage\build-output\QuizzAppTest.runtimeconfig.json" --depsfile "C:\Users\vc\Desktop\Git\git_push\MiniProject\QuizzAppSolution\QuizzAppTest\bin\Debug\net6.0\fine-code-coverage\build-output\QuizzAppTest.deps.json" --port 56573 --endpoint 127.0.0.1:056573 --role client --parentprocessid 26236 --diag "C:\Users\vc\Desktop\Git\git_push\MiniProject\QuizzAppSolution\QuizzAppTest\bin\Debug\net6.0\fine-code-coverage\coverage-tool-output\diagnostics.host.24-06-19_16-46-36_10105_5.log" --tracelevel 4 --datacollectionport 56572 --telemetryoptedin false'
TpTrace Verbose: 0 : 26236, 5, 2024/06/19, 16:46:36.107, 5891606476503, vstest.console.dll, MulticastDelegateUtilities.SafeInvoke: HostProviderEvents.OnHostLaunched: Invoking callback 1/2 for Microsoft.VisualStudio.TestPlatform.CrossPlatEngine.Client.ProxyExecutionManagerWithDataCollection., took 1 ms.
TpTrace Verbose: 0 : 26236, 5, 2024/06/19, 16:46:36.107, 5891606481420, vstest.console.dll, Test Runtime launched
TpTrace Verbose: 0 : 26236, 5, 2024/06/19, 16:46:36.108, 5891606482549, vstest.console.dll, MulticastDelegateUtilities.SafeInvoke: HostProviderEvents.OnHostLaunched: Invoking callback 2/2 for Microsoft.VisualStudio.TestPlatform.CrossPlatEngine.Client.ProxyOperationManager., took 0 ms.
TpTrace Verbose: 0 : 26236, 5, 2024/06/19, 16:46:36.108, 5891606484506, vstest.console.dll, TestRequestSender.WaitForRequestHandlerConnection: waiting for connection with timeout: 90000.
TpTrace Verbose: 0 : 26236, 7, 2024/06/19, 16:46:36.240, 5891607810644, vstest.console.dll, MulticastDelegateUtilities.SafeInvoke: SocketServer: ClientConnected: Invoking callback 1/1 for Microsoft.VisualStudio.TestPlatform.CommunicationUtilities.TestRequestSender., took 0 ms.
TpTrace Verbose: 0 : 26236, 5, 2024/06/19, 16:46:36.240, 5891607810645, vstest.console.dll, TestRequestSender.WaitForRequestHandlerConnection: waiting took 132 ms, with timeout 90000 ms, and result 0, which is success.
TpTrace Verbose: 0 : 26236, 7, 2024/06/19, 16:46:36.240, 5891607811825, vstest.console.dll, SocketServer.OnClientConnected: Client connected for endPoint: 127.0.0.1:56573, starting MessageLoopAsync:
TpTrace Verbose: 0 : 26236, 13, 2024/06/19, 16:46:36.241, 5891607819140, vstest.console.dll, TcpClientExtensions.MessageLoopAsync: Polling on remoteEndPoint: 127.0.0.1:56574 localEndPoint: 127.0.0.1:56573 after 0 ms
TpTrace Verbose: 0 : 26236, 5, 2024/06/19, 16:46:36.242, 5891607824756, vstest.console.dll, TestRequestSender.CheckVersionWithTestHost: Sending check version message: {"MessageType":"ProtocolVersion","Payload":7}
TpTrace Verbose: 0 : 26236, 13, 2024/06/19, 16:46:36.348, 5891608891034, vstest.console.dll, TcpClientExtensions.MessageLoopAsync: NotifyDataAvailable remoteEndPoint: 127.0.0.1:56574 localEndPoint: 127.0.0.1:56573
TpTrace Verbose: 0 : 26236, 13, 2024/06/19, 16:46:36.349, 5891608894383, vstest.console.dll, TestRequestSender.CheckVersionWithTestHost: onMessageReceived received message: (ProtocolVersion) -> {"MessageType":"ProtocolVersion","Payload":7}
TpTrace Verbose: 0 : 26236, 13, 2024/06/19, 16:46:36.349, 5891608899900, vstest.console.dll, MulticastDelegateUtilities.SafeInvoke: LengthPrefixCommunicationChannel: MessageReceived: Invoking callback 1/1 for Microsoft.VisualStudio.TestPlatform.CommunicationUtilities.TestRequestSender+<>c__DisplayClass29_0., took 0 ms.
TpTrace Verbose: 0 : 26236, 13, 2024/06/19, 16:46:36.349, 5891608900702, vstest.console.dll, TcpClientExtensions.MessageLoopAsync: Polling on remoteEndPoint: 127.0.0.1:56574 localEndPoint: 127.0.0.1:56573 after 108 ms
TpTrace Verbose: 0 : 26236, 5, 2024/06/19, 16:46:36.349, 5891608901654, vstest.console.dll, TestPluginCache.GetExtensionPaths: Filtered extension paths: 
TpTrace Verbose: 0 : 26236, 5, 2024/06/19, 16:46:36.349, 5891608902185, vstest.console.dll, TestPluginCache.GetExtensionPaths: Added default extension paths: C:\Program Files\dotnet\sdk\8.0.300\Extensions\Microsoft.Diagnostics.NETCore.Client.dll
C:\Program Files\dotnet\sdk\8.0.300\Extensions\Microsoft.TestPlatform.Extensions.BlameDataCollector.dll
C:\Program Files\dotnet\sdk\8.0.300\Extensions\Microsoft.TestPlatform.Extensions.EventLogCollector.dll
C:\Program Files\dotnet\sdk\8.0.300\Extensions\Microsoft.TestPlatform.TestHostRuntimeProvider.dll
C:\Program Files\dotnet\sdk\8.0.300\Extensions\Microsoft.VisualStudio.TestPlatform.Extensions.Html.TestLogger.dll
C:\Program Files\dotnet\sdk\8.0.300\Extensions\Microsoft.VisualStudio.TestPlatform.Extensions.Trx.TestLogger.dll
TpTrace Verbose: 0 : 26236, 5, 2024/06/19, 16:46:36.350, 5891608903082, vstest.console.dll, TestPluginCache.GetExtensionPaths: Added unfilterableExtensionPaths: 
TpTrace Verbose: 0 : 26236, 5, 2024/06/19, 16:46:36.352, 5891608929843, vstest.console.dll, TestRequestSender.InitializeExecution: Sending initialize execution with message: {"Version":7,"MessageType":"TestExecution.Initialize","Payload":["C:\\Users\\vc\\Desktop\\Git\\git_push\\MiniProject\\QuizzAppSolution\\QuizzAppTest\\bin\\Debug\\net6.0\\fine-code-coverage\\build-output\\NUnit3.TestAdapter.dll"]}
TpTrace Verbose: 0 : 26236, 5, 2024/06/19, 16:46:36.352, 5891608931833, vstest.console.dll, ParallelProxyExecutionManager.StartTestRunOnConcurrentManager: Execution starting. Started clients: 1
TpTrace Verbose: 0 : 26236, 5, 2024/06/19, 16:46:36.353, 5891608934126, vstest.console.dll, TestRunRequest:SendTestRunMessage: Starting.
TpTrace Verbose: 0 : 26236, 5, 2024/06/19, 16:46:36.353, 5891608935515, vstest.console.dll, MulticastDelegateUtilities.SafeInvoke: TestRun.LogMessages: Invoking callback 1/1 for Microsoft.VisualStudio.TestPlatform.CommandLine.TestRunResultAggregator., took 0 ms.
TpTrace Information: 0 : 26236, 5, 2024/06/19, 16:46:36.353, 5891608935850, vstest.console.dll, TestRunRequest:SendTestRunMessage: Completed.
TpTrace Verbose: 0 : 26236, 4, 2024/06/19, 16:46:36.353, 5891608937612, vstest.console.dll, MulticastDelegateUtilities.SafeInvoke: InternalTestLoggerEvents.SendTestRunMessage: Invoking callback 1/1 for Microsoft.VisualStudio.TestPlatform.CommandLine.Internal.ConsoleLogger., took 0 ms.
TpTrace Warning: 0 : 26236, 5, 2024/06/19, 16:46:36.353, 5891608939117, vstest.console.dll, InferRunSettingsHelper.MakeRunsettingsCompatible: Removing the following settings: TargetPlatform from RunSettings file. To use those settings please move to latest version of Microsoft.NET.Test.Sdk
TpTrace Verbose: 0 : 26236, 13, 2024/06/19, 16:46:36.354, 5891608950598, vstest.console.dll, TcpClientExtensions.MessageLoopAsync: NotifyDataAvailable remoteEndPoint: 127.0.0.1:56574 localEndPoint: 127.0.0.1:56573
TpTrace Verbose: 0 : 26236, 13, 2024/06/19, 16:46:36.355, 5891608954219, vstest.console.dll, TestRequestSender.OnExecutionMessageReceived: Received message: {"Version":7,"MessageType":"TestSession.Message","Payload":{"MessageLevel":0,"Message":"Logging TestHost Diagnostics in file: C:\\Users\\vc\\Desktop\\Git\\git_push\\MiniProject\\QuizzAppSolution\\QuizzAppTest\\bin\\Debug\\net6.0\\fine-code-coverage\\coverage-tool-output\\diagnostics.host.24-06-19_16-46-36_10105_5.log"}}
TpTrace Verbose: 0 : 26236, 13, 2024/06/19, 16:46:36.357, 5891608975833, vstest.console.dll, TestRunRequest:SendTestRunMessage: Starting.
TpTrace Verbose: 0 : 26236, 13, 2024/06/19, 16:46:36.357, 5891608977526, vstest.console.dll, MulticastDelegateUtilities.SafeInvoke: TestRun.LogMessages: Invoking callback 1/1 for Microsoft.VisualStudio.TestPlatform.CommandLine.TestRunResultAggregator., took 0 ms.
TpTrace Information: 0 : 26236, 13, 2024/06/19, 16:46:36.357, 5891608977835, vstest.console.dll, TestRunRequest:SendTestRunMessage: Completed.
TpTrace Verbose: 0 : 26236, 4, 2024/06/19, 16:46:36.357, 5891608977883, vstest.console.dll, MulticastDelegateUtilities.SafeInvoke: InternalTestLoggerEvents.SendTestRunMessage: Invoking callback 1/1 for Microsoft.VisualStudio.TestPlatform.CommandLine.Internal.ConsoleLogger., took 0 ms.
TpTrace Verbose: 0 : 26236, 13, 2024/06/19, 16:46:36.357, 5891608978106, vstest.console.dll, MulticastDelegateUtilities.SafeInvoke: LengthPrefixCommunicationChannel: MessageReceived: Invoking callback 1/1 for Microsoft.VisualStudio.TestPlatform.CommunicationUtilities.TestRequestSender+<>c__DisplayClass34_0., took 2 ms.
TpTrace Verbose: 0 : 26236, 13, 2024/06/19, 16:46:36.357, 5891608979429, vstest.console.dll, TcpClientExtensions.MessageLoopAsync: Polling on remoteEndPoint: 127.0.0.1:56574 localEndPoint: 127.0.0.1:56573 after 7 ms
TpTrace Verbose: 0 : 26236, 5, 2024/06/19, 16:46:36.365, 5891609053190, vstest.console.dll, TestRequestSender.StartTestRun: Sending test run with message: {"Version":7,"MessageType":"TestExecution.StartWithSources","Payload":{"AdapterSourceMap":{"_none_":["C:\\Users\\vc\\Desktop\\Git\\git_push\\MiniProject\\QuizzAppSolution\\QuizzAppTest\\bin\\Debug\\net6.0\\fine-code-coverage\\build-output\\QuizzAppTest.dll"]},"RunSettings":"<RunSettings>\r\n  <RunConfiguration>\r\n    <ResultsDirectory>C:\\Users\\vc\\Desktop\\Git\\git_push\\MiniProject\\QuizzAppSolution\\QuizzAppTest\\bin\\Debug\\net6.0\\fine-code-coverage\\coverage-tool-output</ResultsDirectory>\r\n    <TargetFrameworkVersion>.NETCoreApp,Version=v6.0</TargetFrameworkVersion>\r\n    <DesignMode>False</DesignMode>\r\n    <CollectSourceInformation>False</CollectSourceInformation>\r\n  </RunConfiguration>\r\n  <LoggerRunSettings>\r\n    <Loggers>\r\n      <Logger friendlyName=\"blame\" enabled=\"True\" />\r\n      <Logger friendlyName=\"Console\" uri=\"logger://microsoft/TestPlatform/ConsoleLogger/v1\" assemblyQualifiedName=\"Microsoft.VisualStudio.TestPlatform.CommandLine.Internal.ConsoleLogger, vstest.console, Version=15.0.0.0, Culture=neutral, PublicKeyToken=b03f5f7f11d50a3a\" codeBase=\"C:\\Program Files\\dotnet\\sdk\\8.0.300\\vstest.console.dll\" enabled=\"True\" />\r\n    </Loggers>\r\n  </LoggerRunSettings>\r\n  <DataCollectionRunSettings>\r\n    <DataCollectors>\r\n      <DataCollector friendlyName=\"blame\" enabled=\"True\">\r\n        <Configuration>\r\n          <ResultsDirectory>C:\\Users\\vc\\Desktop\\Git\\git_push\\MiniProject\\QuizzAppSolution\\QuizzAppTest\\bin\\Debug\\net6.0\\fine-code-coverage\\coverage-tool-output</ResultsDirectory>\r\n        </Configuration>\r\n      </DataCollector>\r\n    </DataCollectors>\r\n  </DataCollectionRunSettings>\r\n</RunSettings>","TestExecutionContext":{"FrequencyOfRunStatsChangeEvent":10,"RunStatsChangeEventTimeout":"00:00:01.5000000","InIsolation":false,"KeepAlive":false,"AreTestCaseLevelEventsRequired":false,"IsDebug":false,"TestCaseFilter":null,"FilterOptions":null},"Package":null}}
TpTrace Verbose: 0 : 26236, 5, 2024/06/19, 16:46:36.365, 5891609055261, vstest.console.dll, ParallelProxyExecutionManager.StartTestRunOnConcurrentManager: Execution started. Started clients: 1
TpTrace Verbose: 0 : 26236, 13, 2024/06/19, 16:46:36.545, 5891610854809, vstest.console.dll, TcpClientExtensions.MessageLoopAsync: NotifyDataAvailable remoteEndPoint: 127.0.0.1:56574 localEndPoint: 127.0.0.1:56573
TpTrace Verbose: 0 : 26236, 13, 2024/06/19, 16:46:36.545, 5891610856420, vstest.console.dll, TestRequestSender.OnExecutionMessageReceived: Received message: {"Version":7,"MessageType":"TestSession.Message","Payload":{"MessageLevel":0,"Message":"NUnit Adapter 4.4.0.0: Test execution started"}}
TpTrace Verbose: 0 : 26236, 13, 2024/06/19, 16:46:36.545, 5891610857998, vstest.console.dll, TestRunRequest:SendTestRunMessage: Starting.
TpTrace Verbose: 0 : 26236, 13, 2024/06/19, 16:46:36.545, 5891610858521, vstest.console.dll, MulticastDelegateUtilities.SafeInvoke: TestRun.LogMessages: Invoking callback 1/1 for Microsoft.VisualStudio.TestPlatform.CommandLine.TestRunResultAggregator., took 0 ms.
TpTrace Information: 0 : 26236, 13, 2024/06/19, 16:46:36.545, 5891610858778, vstest.console.dll, TestRunRequest:SendTestRunMessage: Completed.
TpTrace Verbose: 0 : 26236, 13, 2024/06/19, 16:46:36.545, 5891610859023, vstest.console.dll, MulticastDelegateUtilities.SafeInvoke: LengthPrefixCommunicationChannel: MessageReceived: Invoking callback 1/1 for Microsoft.VisualStudio.TestPlatform.CommunicationUtilities.TestRequestSender+<>c__DisplayClass34_0., took 0 ms.
TpTrace Verbose: 0 : 26236, 4, 2024/06/19, 16:46:36.545, 5891610859049, vstest.console.dll, MulticastDelegateUtilities.SafeInvoke: InternalTestLoggerEvents.SendTestRunMessage: Invoking callback 1/1 for Microsoft.VisualStudio.TestPlatform.CommandLine.Internal.ConsoleLogger., took 0 ms.
TpTrace Verbose: 0 : 26236, 13, 2024/06/19, 16:46:36.545, 5891610859671, vstest.console.dll, TcpClientExtensions.MessageLoopAsync: Polling on remoteEndPoint: 127.0.0.1:56574 localEndPoint: 127.0.0.1:56573 after 187 ms
TpTrace Verbose: 0 : 26236, 13, 2024/06/19, 16:46:36.569, 5891611101324, vstest.console.dll, TcpClientExtensions.MessageLoopAsync: NotifyDataAvailable remoteEndPoint: 127.0.0.1:56574 localEndPoint: 127.0.0.1:56573
TpTrace Verbose: 0 : 26236, 13, 2024/06/19, 16:46:36.570, 5891611103123, vstest.console.dll, TestRequestSender.OnExecutionMessageReceived: Received message: {"Version":7,"MessageType":"TestSession.Message","Payload":{"MessageLevel":0,"Message":"Running all tests in C:\\Users\\vc\\Desktop\\Git\\git_push\\MiniProject\\QuizzAppSolution\\QuizzAppTest\\bin\\Debug\\net6.0\\fine-code-coverage\\build-output\\QuizzAppTest.dll"}}
TpTrace Verbose: 0 : 26236, 13, 2024/06/19, 16:46:36.570, 5891611104235, vstest.console.dll, TestRunRequest:SendTestRunMessage: Starting.
TpTrace Verbose: 0 : 26236, 13, 2024/06/19, 16:46:36.570, 5891611104650, vstest.console.dll, MulticastDelegateUtilities.SafeInvoke: TestRun.LogMessages: Invoking callback 1/1 for Microsoft.VisualStudio.TestPlatform.CommandLine.TestRunResultAggregator., took 0 ms.
TpTrace Information: 0 : 26236, 13, 2024/06/19, 16:46:36.570, 5891611105039, vstest.console.dll, TestRunRequest:SendTestRunMessage: Completed.
TpTrace Verbose: 0 : 26236, 13, 2024/06/19, 16:46:36.570, 5891611105292, vstest.console.dll, MulticastDelegateUtilities.SafeInvoke: LengthPrefixCommunicationChannel: MessageReceived: Invoking callback 1/1 for Microsoft.VisualStudio.TestPlatform.CommunicationUtilities.TestRequestSender+<>c__DisplayClass34_0., took 0 ms.
TpTrace Verbose: 0 : 26236, 13, 2024/06/19, 16:46:36.570, 5891611105504, vstest.console.dll, TcpClientExtensions.MessageLoopAsync: Polling on remoteEndPoint: 127.0.0.1:56574 localEndPoint: 127.0.0.1:56573 after 24 ms
TpTrace Verbose: 0 : 26236, 4, 2024/06/19, 16:46:36.570, 5891611105883, vstest.console.dll, MulticastDelegateUtilities.SafeInvoke: InternalTestLoggerEvents.SendTestRunMessage: Invoking callback 1/1 for Microsoft.VisualStudio.TestPlatform.CommandLine.Internal.ConsoleLogger., took 0 ms.
TpTrace Verbose: 0 : 26236, 13, 2024/06/19, 16:46:36.683, 5891612233523, vstest.console.dll, TcpClientExtensions.MessageLoopAsync: NotifyDataAvailable remoteEndPoint: 127.0.0.1:56574 localEndPoint: 127.0.0.1:56573
TpTrace Verbose: 0 : 26236, 13, 2024/06/19, 16:46:36.683, 5891612237317, vstest.console.dll, TestRequestSender.OnExecutionMessageReceived: Received message: {"Version":7,"MessageType":"TestSession.Message","Payload":{"MessageLevel":0,"Message":"   NUnit3TestExecutor discovered 39 of 39 NUnit test cases using Current Discovery mode, Non-Explicit run"}}
TpTrace Verbose: 0 : 26236, 13, 2024/06/19, 16:46:36.683, 5891612241259, vstest.console.dll, TestRunRequest:SendTestRunMessage: Starting.
TpTrace Verbose: 0 : 26236, 13, 2024/06/19, 16:46:36.684, 5891612242248, vstest.console.dll, MulticastDelegateUtilities.SafeInvoke: TestRun.LogMessages: Invoking callback 1/1 for Microsoft.VisualStudio.TestPlatform.CommandLine.TestRunResultAggregator., took 0 ms.
TpTrace Information: 0 : 26236, 13, 2024/06/19, 16:46:36.684, 5891612242674, vstest.console.dll, TestRunRequest:SendTestRunMessage: Completed.
TpTrace Verbose: 0 : 26236, 13, 2024/06/19, 16:46:36.684, 5891612242939, vstest.console.dll, MulticastDelegateUtilities.SafeInvoke: LengthPrefixCommunicationChannel: MessageReceived: Invoking callback 1/1 for Microsoft.VisualStudio.TestPlatform.CommunicationUtilities.TestRequestSender+<>c__DisplayClass34_0., took 0 ms.
TpTrace Verbose: 0 : 26236, 13, 2024/06/19, 16:46:36.684, 5891612243302, vstest.console.dll, TcpClientExtensions.MessageLoopAsync: Polling on remoteEndPoint: 127.0.0.1:56574 localEndPoint: 127.0.0.1:56573 after 113 ms
TpTrace Verbose: 0 : 26236, 4, 2024/06/19, 16:46:36.684, 5891612243498, vstest.console.dll, MulticastDelegateUtilities.SafeInvoke: InternalTestLoggerEvents.SendTestRunMessage: Invoking callback 1/1 for Microsoft.VisualStudio.TestPlatform.CommandLine.Internal.ConsoleLogger., took 0 ms.
TpTrace Verbose: 0 : 26236, 13, 2024/06/19, 16:46:37.582, 5891621227880, vstest.console.dll, TcpClientExtensions.MessageLoopAsync: NotifyDataAvailable remoteEndPoint: 127.0.0.1:56574 localEndPoint: 127.0.0.1:56573
TpTrace Verbose: 0 : 26236, 13, 2024/06/19, 16:46:37.582, 5891621230718, vstest.console.dll, TestRequestSender.OnExecutionMessageReceived: Received message: {"Version":7,"MessageType":"TestExecution.StatsChange","Payload":{"NewTestResults":[{"TestCase":{"Id":"5d5c0d68-93d2-b411-a47c-b0990f505de5","FullyQualifiedName":"QuizzApp.Tests.Repositories.AssignedTestEmailRepositoryTests.AddEmailsForTest_WithDuplicateData_ReturnsFalse","DisplayName":"AddEmailsForTest_WithDuplicateData_ReturnsFalse","ExecutorUri":"executor://NUnit3TestExecutor","Source":"C:\\Users\\vc\\Desktop\\Git\\git_push\\MiniProject\\QuizzAppSolution\\QuizzAppTest\\bin\\Debug\\net6.0\\fine-code-coverage\\build-output\\QuizzAppTest.dll","CodeFilePath":null,"LineNumber":0,"Properties":[{"Key":{"Id":"NUnit.Seed","Label":"Seed","Category":"","Description":"","Attributes":0,"ValueType":"System.String"},"Value":"1066084429"}]},"Attachments":[],"Outcome":1,"ErrorMessage":null,"ErrorStackTrace":null,"DisplayName":"AddEmailsForTest_WithDuplicateData_ReturnsFalse","Messages":[],"ComputerName":"DESKTOP-7UH0GM7","Duration":"00:00:00.6881540","StartTime":"2024-06-19T11:16:36.7093352+00:00","EndTime":"2024-06-19T11:16:37.3974279+00:00","Properties":[{"Key":{"Id":"NUnit.Seed","Label":"Seed","Category":"","Description":"","Attributes":0,"ValueType":"System.String"},"Value":"1066084429"}]},{"TestCase":{"Id":"9a815edc-4241-704a-051c-5aec38a4614d","FullyQualifiedName":"QuizzApp.Tests.Repositories.AssignedTestEmailRepositoryTests.AddEmailsForTest_WithValidData_ReturnsTrue","DisplayName":"AddEmailsForTest_WithValidData_ReturnsTrue","ExecutorUri":"executor://NUnit3TestExecutor","Source":"C:\\Users\\vc\\Desktop\\Git\\git_push\\MiniProject\\QuizzAppSolution\\QuizzAppTest\\bin\\Debug\\net6.0\\fine-code-coverage\\build-output\\QuizzAppTest.dll","CodeFilePath":null,"LineNumber":0,"Properties":[{"Key":{"Id":"NUnit.Seed","Label":"Seed","Category":"","Description":"","Attributes":0,"ValueType":"System.String"},"Value":"1795342552"}]},"Attachments":[],"Outcome":1,"ErrorMessage":null,"ErrorStackTrace":null,"DisplayName":"AddEmailsForTest_WithValidData_ReturnsTrue","Messages":[],"ComputerName":"DESKTOP-7UH0GM7","Duration":"00:00:00.0354820","StartTime":"2024-06-19T11:16:37.3985748+00:00","EndTime":"2024-06-19T11:16:37.4340566+00:00","Properties":[{"Key":{"Id":"NUnit.Seed","Label":"Seed","Category":"","Description":"","Attributes":0,"ValueType":"System.String"},"Value":"1795342552"}]},{"TestCase":{"Id":"cb8b2abc-7655-a658-7463-968facd0cf0e","FullyQualifiedName":"QuizzApp.Tests.Repositories.CategoryRepositoryTest.AddAsync_CategoryAlreadyExists_ShouldReturnExistingCategory","DisplayName":"AddAsync_CategoryAlreadyExists_ShouldReturnExistingCategory","ExecutorUri":"executor://NUnit3TestExecutor","Source":"C:\\Users\\vc\\Desktop\\Git\\git_push\\MiniProject\\QuizzAppSolution\\QuizzAppTest\\bin\\Debug\\net6.0\\fine-code-coverage\\build-output\\QuizzAppTest.dll","CodeFilePath":null,"LineNumber":0,"Properties":[{"Key":{"Id":"NUnit.Seed","Label":"Seed","Category":"","Description":"","Attributes":0,"ValueType":"System.String"},"Value":"1999895800"}]},"Attachments":[],"Outcome":1,"ErrorMessage":null,"ErrorStackTrace":null,"DisplayName":"AddAsync_CategoryAlreadyExists_ShouldReturnExistingCategory","Messages":[],"ComputerName":"DESKTOP-7UH0GM7","Duration":"00:00:00.0387630","StartTime":"2024-06-19T11:16:37.4357619+00:00","EndTime":"2024-06-19T11:16:37.4745246+00:00","Properties":[{"Key":{"Id":"NUnit.Seed","Label":"Seed","Category":"","Description":"","Attributes":0,"ValueType":"System.String"},"Value":"1999895800"}]},{"TestCase":{"Id":"83156ba2-879b-3ab1-6de5-c2fc25d5f75d","FullyQualifiedName":"QuizzApp.Tests.Repositories.CategoryRepositoryTest.AddAsync_CategoryDoesNotExist_ShouldAddNewCategory","DisplayName":"AddAsync_CategoryDoesNotExist_ShouldAddNewCategory","ExecutorUri":"executor://NUnit3TestExecutor","Source":"C:\\Users\\vc\\Desktop\\Git\\git_push\\MiniProject\\QuizzAppSolution\\QuizzAppTest\\bin\\Debug\\net6.0\\fine-code-coverage\\build-output\\QuizzAppTest.dll","CodeFilePath":null,"LineNumber":0,"Properties":[{"Key":{"Id":"NUnit.Seed","Label":"Seed","Category":"","Description":"","Attributes":0,"ValueType":"System.String"},"Value":"1536184576"}]},"Attachments":[],"Outcome":1,"ErrorMessage":null,"ErrorStackTrace":null,"DisplayName":"AddAsync_CategoryDoesNotExist_ShouldAddNewCategory","Messages":[],"ComputerName":"DESKTOP-7UH0GM7","Duration":"00:00:00.0049090","StartTime":"2024-06-19T11:16:37.4745496+00:00","EndTime":"2024-06-19T11:16:37.4794584+00:00","Properties":[{"Key":{"Id":"NUnit.Seed","Label":"Seed","Category":"","Description":"","Attributes":0,"ValueType":"System.String"},"Value":"1536184576"}]},{"TestCase":{"Id":"5f1fc9ce-bb54-5bb6-c2e6-66eaa3979d3c","FullyQualifiedName":"QuizzApp.Tests.Repositories.CategoryRepositoryTest.DeleteAsync_CategoryExists_ShouldDeleteCategory","DisplayName":"DeleteAsync_CategoryExists_ShouldDeleteCategory","ExecutorUri":"executor://NUnit3TestExecutor","Source":"C:\\Users\\vc\\Desktop\\Git\\git_push\\MiniProject\\QuizzAppSolution\\QuizzAppTest\\bin\\Debug\\net6.0\\fine-code-coverage\\build-output\\QuizzAppTest.dll","CodeFilePath":null,"LineNumber":0,"Properties":[{"Key":{"Id":"NUnit.Seed","Label":"Seed","Category":"","Description":"","Attributes":0,"ValueType":"System.String"},"Value":"803395840"}]},"Attachments":[],"Outcome":1,"ErrorMessage":null,"ErrorStackTrace":null,"DisplayName":"DeleteAsync_CategoryExists_ShouldDeleteCategory","Messages":[],"ComputerName":"DESKTOP-7UH0GM7","Duration":"00:00:00.0473919","StartTime":"2024-06-19T11:16:37.4794876+00:00","EndTime":"2024-06-19T11:16:37.5268789+00:00","Properties":[{"Key":{"Id":"NUnit.Seed","Label":"Seed","Category":"","Description":"","Attributes":0,"ValueType":"System.String"},"Value":"803395840"}]},{"TestCase":{"Id":"7ad258ac-137d-0f1b-2caa-abcdafe2672b","FullyQualifiedName":"QuizzApp.Tests.Repositories.CategoryRepositoryTest.DeleteAsync_CategoryNotFound_ShouldThrowException","DisplayName":"DeleteAsync_CategoryNotFound_ShouldThrowException","ExecutorUri":"executor://NUnit3TestExecutor","Source":"C:\\Users\\vc\\Desktop\\Git\\git_push\\MiniProject\\QuizzAppSolution\\QuizzAppTest\\bin\\Debug\\net6.0\\fine-code-coverage\\build-output\\QuizzAppTest.dll","CodeFilePath":null,"LineNumber":0,"Properties":[{"Key":{"Id":"NUnit.Seed","Label":"Seed","Category":"","Description":"","Attributes":0,"ValueType":"System.String"},"Value":"1312309086"}]},"Attachments":[],"Outcome":1,"ErrorMessage":null,"ErrorStackTrace":null,"DisplayName":"DeleteAsync_CategoryNotFound_ShouldThrowException","Messages":[],"ComputerName":"DESKTOP-7UH0GM7","Duration":"00:00:00.0129990","StartTime":"2024-06-19T11:16:37.5269227+00:00","EndTime":"2024-06-19T11:16:37.5399211+00:00","Properties":[{"Key":{"Id":"NUnit.Seed","Label":"Seed","Category":"","Description":"","Attributes":0,"ValueType":"System.String"},"Value":"1312309086"}]},{"TestCase":{"Id":"b4b58e29-80a2-1eef-c122-65376feb7b8b","FullyQualifiedName":"QuizzApp.Tests.Repositories.CategoryRepositoryTest.GetAllAsync_ShouldReturnAllCategories","DisplayName":"GetAllAsync_ShouldReturnAllCategories","ExecutorUri":"executor://NUnit3TestExecutor","Source":"C:\\Users\\vc\\Desktop\\Git\\git_push\\MiniProject\\QuizzAppSolution\\QuizzAppTest\\bin\\Debug\\net6.0\\fine-code-coverage\\build-output\\QuizzAppTest.dll","CodeFilePath":null,"LineNumber":0,"Properties":[{"Key":{"Id":"NUnit.Seed","Label":"Seed","Category":"","Description":"","Attributes":0,"ValueType":"System.String"},"Value":"337245678"}]},"Attachments":[],"Outcome":1,"ErrorMessage":null,"ErrorStackTrace":null,"DisplayName":"GetAllAsync_ShouldReturnAllCategories","Messages":[],"ComputerName":"DESKTOP-7UH0GM7","Duration":"00:00:00.0108700","StartTime":"2024-06-19T11:16:37.5399606+00:00","EndTime":"2024-06-19T11:16:37.5508301+00:00","Properties":[{"Key":{"Id":"NUnit.Seed","Label":"Seed","Category":"","Description":"","Attributes":0,"ValueType":"System.String"},"Value":"337245678"}]},{"TestCase":{"Id":"6aa0d644-2afc-3dae-3b11-769b924e30e8","FullyQualifiedName":"QuizzApp.Tests.Repositories.CategoryRepositoryTest.GetAsync_CategoryExists_ShouldReturnCategory","DisplayName":"GetAsync_CategoryExists_ShouldReturnCategory","ExecutorUri":"executor://NUnit3TestExecutor","Source":"C:\\Users\\vc\\Desktop\\Git\\git_push\\MiniProject\\QuizzAppSolution\\QuizzAppTest\\bin\\Debug\\net6.0\\fine-code-coverage\\build-output\\QuizzAppTest.dll","CodeFilePath":null,"LineNumber":0,"Properties":[{"Key":{"Id":"NUnit.Seed","Label":"Seed","Category":"","Description":"","Attributes":0,"ValueType":"System.String"},"Value":"1092264492"}]},"Attachments":[],"Outcome":1,"ErrorMessage":null,"ErrorStackTrace":null,"DisplayName":"GetAsync_CategoryExists_ShouldReturnCategory","Messages":[],"ComputerName":"DESKTOP-7UH0GM7","Duration":"00:00:00.0015530","StartTime":"2024-06-19T11:16:37.5508594+00:00","EndTime":"2024-06-19T11:16:37.5524122+00:00","Properties":[{"Key":{"Id":"NUnit.Seed","Label":"Seed","Category":"","Description":"","Attributes":0,"ValueType":"System.String"},"Value":"1092264492"}]},{"TestCase":{"Id":"d00b2d8e-8df6-05e2-6cc2-4ac1e9d8cfa0","FullyQualifiedName":"QuizzApp.Tests.Repositories.CategoryRepositoryTest.GetAsync_CategoryNotFound_ShouldThrowException","DisplayName":"GetAsync_CategoryNotFound_ShouldThrowException","ExecutorUri":"executor://NUnit3TestExecutor","Source":"C:\\Users\\vc\\Desktop\\Git\\git_push\\MiniProject\\QuizzAppSolution\\QuizzAppTest\\bin\\Debug\\net6.0\\fine-code-coverage\\build-output\\QuizzAppTest.dll","CodeFilePath":null,"LineNumber":0,"Properties":[{"Key":{"Id":"NUnit.Seed","Label":"Seed","Category":"","Description":"","Attributes":0,"ValueType":"System.String"},"Value":"946171779"}]},"Attachments":[],"Outcome":1,"ErrorMessage":null,"ErrorStackTrace":null,"DisplayName":"GetAsync_CategoryNotFound_ShouldThrowException","Messages":[],"ComputerName":"DESKTOP-7UH0GM7","Duration":"00:00:00.0008540","StartTime":"2024-06-19T11:16:37.55243+00:00","EndTime":"2024-06-19T11:16:37.5532839+00:00","Properties":[{"Key":{"Id":"NUnit.Seed","Label":"Seed","Category":"","Description":"","Attributes":0,"ValueType":"System.String"},"Value":"946171779"}]}],"TestRunStatistics":{"ExecutedTests":9,"Stats":{"Passed":9}},"ActiveTests":[{"Id":"0625e176-cb53-dcf9-9324-244d02cb8f10","FullyQualifiedName":"QuizzApp.Tests.Repositories.CategoryRepositoryTest.GetCategoryId_ValidInput_ShouldReturnCategoryIds","DisplayName":"GetCategoryId_ValidInput_ShouldReturnCategoryIds","ExecutorUri":"executor://NUnit3TestExecutor","Source":"C:\\Users\\vc\\Desktop\\Git\\git_push\\MiniProject\\QuizzAppSolution\\QuizzAppTest\\bin\\Debug\\net6.0\\fine-code-coverage\\build-output\\QuizzAppTest.dll","CodeFilePath":null,"LineNumber":0,"Properties":[{"Key":{"Id":"NUnit.Seed","Label":"Seed","Category":"","Description":"","Attributes":0,"ValueType":"System.String"},"Value":"750657447"}]}]}}
TpTrace Verbose: 0 : 26236, 13, 2024/06/19, 16:46:37.604, 5891621451233, vstest.console.dll, TestRunRequest:SendTestRunStatsChange: Starting.
TpTrace Verbose: 0 : 26236, 13, 2024/06/19, 16:46:37.605, 5891621452522, vstest.console.dll, InProgress is GetCategoryId_ValidInput_ShouldReturnCategoryIds
TpTrace Verbose: 0 : 26236, 13, 2024/06/19, 16:46:37.605, 5891621453839, vstest.console.dll, MulticastDelegateUtilities.SafeInvoke: TestRun.RunStatsChanged: Invoking callbacks was skipped because there are no subscribers.
TpTrace Information: 0 : 26236, 13, 2024/06/19, 16:46:37.605, 5891621454044, vstest.console.dll, TestRunRequest:SendTestRunStatsChange: Completed.
TpTrace Verbose: 0 : 26236, 13, 2024/06/19, 16:46:37.605, 5891621454235, vstest.console.dll, MulticastDelegateUtilities.SafeInvoke: LengthPrefixCommunicationChannel: MessageReceived: Invoking callback 1/1 for Microsoft.VisualStudio.TestPlatform.CommunicationUtilities.TestRequestSender+<>c__DisplayClass34_0., took 22 ms.
TpTrace Verbose: 0 : 26236, 13, 2024/06/19, 16:46:37.605, 5891621454511, vstest.console.dll, TcpClientExtensions.MessageLoopAsync: Polling on remoteEndPoint: 127.0.0.1:56574 localEndPoint: 127.0.0.1:56573 after 921 ms
TpTrace Verbose: 0 : 26236, 4, 2024/06/19, 16:46:37.606, 5891621471806, vstest.console.dll, MulticastDelegateUtilities.SafeInvoke: InternalTestLoggerEvents.SendTestResult: Invoking callback 1/1 for Microsoft.VisualStudio.TestPlatform.CommandLine.Internal.ConsoleLogger., took 1 ms.
TpTrace Verbose: 0 : 26236, 4, 2024/06/19, 16:46:37.607, 5891621478372, vstest.console.dll, MulticastDelegateUtilities.SafeInvoke: InternalTestLoggerEvents.SendTestResult: Invoking callback 1/1 for Microsoft.VisualStudio.TestPlatform.CommandLine.Internal.ConsoleLogger., took 0 ms.
TpTrace Verbose: 0 : 26236, 4, 2024/06/19, 16:46:37.607, 5891621480272, vstest.console.dll, MulticastDelegateUtilities.SafeInvoke: InternalTestLoggerEvents.SendTestResult: Invoking callback 1/1 for Microsoft.VisualStudio.TestPlatform.CommandLine.Internal.ConsoleLogger., took 0 ms.
TpTrace Verbose: 0 : 26236, 4, 2024/06/19, 16:46:37.607, 5891621480935, vstest.console.dll, MulticastDelegateUtilities.SafeInvoke: InternalTestLoggerEvents.SendTestResult: Invoking callback 1/1 for Microsoft.VisualStudio.TestPlatform.CommandLine.Internal.ConsoleLogger., took 0 ms.
TpTrace Verbose: 0 : 26236, 4, 2024/06/19, 16:46:37.607, 5891621481669, vstest.console.dll, MulticastDelegateUtilities.SafeInvoke: InternalTestLoggerEvents.SendTestResult: Invoking callback 1/1 for Microsoft.VisualStudio.TestPlatform.CommandLine.Internal.ConsoleLogger., took 0 ms.
TpTrace Verbose: 0 : 26236, 4, 2024/06/19, 16:46:37.607, 5891621481994, vstest.console.dll, MulticastDelegateUtilities.SafeInvoke: InternalTestLoggerEvents.SendTestResult: Invoking callback 1/1 for Microsoft.VisualStudio.TestPlatform.CommandLine.Internal.ConsoleLogger., took 0 ms.
TpTrace Verbose: 0 : 26236, 4, 2024/06/19, 16:46:37.608, 5891621482392, vstest.console.dll, MulticastDelegateUtilities.SafeInvoke: InternalTestLoggerEvents.SendTestResult: Invoking callback 1/1 for Microsoft.VisualStudio.TestPlatform.CommandLine.Internal.ConsoleLogger., took 0 ms.
TpTrace Verbose: 0 : 26236, 4, 2024/06/19, 16:46:37.608, 5891621482759, vstest.console.dll, MulticastDelegateUtilities.SafeInvoke: InternalTestLoggerEvents.SendTestResult: Invoking callback 1/1 for Microsoft.VisualStudio.TestPlatform.CommandLine.Internal.ConsoleLogger., took 0 ms.
TpTrace Verbose: 0 : 26236, 4, 2024/06/19, 16:46:37.608, 5891621483011, vstest.console.dll, MulticastDelegateUtilities.SafeInvoke: InternalTestLoggerEvents.SendTestResult: Invoking callback 1/1 for Microsoft.VisualStudio.TestPlatform.CommandLine.Internal.ConsoleLogger., took 0 ms.
TpTrace Verbose: 0 : 26236, 13, 2024/06/19, 16:46:37.805, 5891623452927, vstest.console.dll, TcpClientExtensions.MessageLoopAsync: NotifyDataAvailable remoteEndPoint: 127.0.0.1:56574 localEndPoint: 127.0.0.1:56573
TpTrace Verbose: 0 : 26236, 13, 2024/06/19, 16:46:37.805, 5891623454957, vstest.console.dll, TestRequestSender.OnExecutionMessageReceived: Received message: {"Version":7,"MessageType":"TestExecution.StatsChange","Payload":{"NewTestResults":[{"TestCase":{"Id":"0625e176-cb53-dcf9-9324-244d02cb8f10","FullyQualifiedName":"QuizzApp.Tests.Repositories.CategoryRepositoryTest.GetCategoryId_ValidInput_ShouldReturnCategoryIds","DisplayName":"GetCategoryId_ValidInput_ShouldReturnCategoryIds","ExecutorUri":"executor://NUnit3TestExecutor","Source":"C:\\Users\\vc\\Desktop\\Git\\git_push\\MiniProject\\QuizzAppSolution\\QuizzAppTest\\bin\\Debug\\net6.0\\fine-code-coverage\\build-output\\QuizzAppTest.dll","CodeFilePath":null,"LineNumber":0,"Properties":[{"Key":{"Id":"NUnit.Seed","Label":"Seed","Category":"","Description":"","Attributes":0,"ValueType":"System.String"},"Value":"750657447"}]},"Attachments":[],"Outcome":1,"ErrorMessage":null,"ErrorStackTrace":null,"DisplayName":"GetCategoryId_ValidInput_ShouldReturnCategoryIds","Messages":[],"ComputerName":"DESKTOP-7UH0GM7","Duration":"00:00:00.0164150","StartTime":"2024-06-19T11:16:37.5532948+00:00","EndTime":"2024-06-19T11:16:37.5697096+00:00","Properties":[{"Key":{"Id":"NUnit.Seed","Label":"Seed","Category":"","Description":"","Attributes":0,"ValueType":"System.String"},"Value":"750657447"}]},{"TestCase":{"Id":"b2c70a69-7c6f-cdbd-8801-a316a8bc9ff4","FullyQualifiedName":"QuizzApp.Tests.Repositories.CategoryRepositoryTest.UpdateAsync_CategoryExists_ShouldUpdateCategory","DisplayName":"UpdateAsync_CategoryExists_ShouldUpdateCategory","ExecutorUri":"executor://NUnit3TestExecutor","Source":"C:\\Users\\vc\\Desktop\\Git\\git_push\\MiniProject\\QuizzAppSolution\\QuizzAppTest\\bin\\Debug\\net6.0\\fine-code-coverage\\build-output\\QuizzAppTest.dll","CodeFilePath":null,"LineNumber":0,"Properties":[{"Key":{"Id":"NUnit.Seed","Label":"Seed","Category":"","Description":"","Attributes":0,"ValueType":"System.String"},"Value":"2076724613"}]},"Attachments":[],"Outcome":1,"ErrorMessage":null,"ErrorStackTrace":null,"DisplayName":"UpdateAsync_CategoryExists_ShouldUpdateCategory","Messages":[],"ComputerName":"DESKTOP-7UH0GM7","Duration":"00:00:00.0071800","StartTime":"2024-06-19T11:16:37.5697349+00:00","EndTime":"2024-06-19T11:16:37.5769142+00:00","Properties":[{"Key":{"Id":"NUnit.Seed","Label":"Seed","Category":"","Description":"","Attributes":0,"ValueType":"System.String"},"Value":"2076724613"}]},{"TestCase":{"Id":"c779501f-71b2-c125-0f19-ae2c72bbda8c","FullyQualifiedName":"QuizzApp.Tests.Repositories.CategoryRepositoryTest.UpdateAsync_CategoryNotFound_ShouldThrowException","DisplayName":"UpdateAsync_CategoryNotFound_ShouldThrowException","ExecutorUri":"executor://NUnit3TestExecutor","Source":"C:\\Users\\vc\\Desktop\\Git\\git_push\\MiniProject\\QuizzAppSolution\\QuizzAppTest\\bin\\Debug\\net6.0\\fine-code-coverage\\build-output\\QuizzAppTest.dll","CodeFilePath":null,"LineNumber":0,"Properties":[{"Key":{"Id":"NUnit.Seed","Label":"Seed","Category":"","Description":"","Attributes":0,"ValueType":"System.String"},"Value":"1785079520"}]},"Attachments":[],"Outcome":1,"ErrorMessage":null,"ErrorStackTrace":null,"DisplayName":"UpdateAsync_CategoryNotFound_ShouldThrowException","Messages":[],"ComputerName":"DESKTOP-7UH0GM7","Duration":"00:00:00.0021540","StartTime":"2024-06-19T11:16:37.5769379+00:00","EndTime":"2024-06-19T11:16:37.5790911+00:00","Properties":[{"Key":{"Id":"NUnit.Seed","Label":"Seed","Category":"","Description":"","Attributes":0,"ValueType":"System.String"},"Value":"1785079520"}]},{"TestCase":{"Id":"7525c8d3-f873-5d7c-c156-614e99425e8a","FullyQualifiedName":"QuizzApp.Tests.Services.CandidateServiceTests.GetRandomQuizz_ValidInput_Success","DisplayName":"GetRandomQuizz_ValidInput_Success","ExecutorUri":"executor://NUnit3TestExecutor","Source":"C:\\Users\\vc\\Desktop\\Git\\git_push\\MiniProject\\QuizzAppSolution\\QuizzAppTest\\bin\\Debug\\net6.0\\fine-code-coverage\\build-output\\QuizzAppTest.dll","CodeFilePath":null,"LineNumber":0,"Properties":[{"Key":{"Id":"NUnit.Seed","Label":"Seed","Category":"","Description":"","Attributes":0,"ValueType":"System.String"},"Value":"2120298828"}]},"Attachments":[],"Outcome":2,"ErrorMessage":"System.Exception : Unable to get question","ErrorStackTrace":"   at QuizzApp.Services.CandidateService.GetRandomQuizz(QuestionSelectionDTO questionSelectionDTO, Int32 UserId) in C:\\Users\\vc\\Desktop\\Git\\git_push\\MiniProject\\QuizzAppSolution\\QuizzApp\\Services\\CandidateService.cs:line 128\r\n   at QuizzApp.Tests.Services.CandidateServiceTests.GetRandomQuizz_ValidInput_Success() in C:\\Users\\vc\\Desktop\\Git\\git_push\\MiniProject\\QuizzAppSolution\\QuizzAppTest\\Services\\CandidateServiceTest.cs:line 108\r\n   at NUnit.Framework.Internal.TaskAwaitAdapter.GenericAdapter`1.GetResult()\r\n   at NUnit.Framework.Internal.AsyncToSyncAdapter.Await(Func`1 invoke)\r\n   at NUnit.Framework.Internal.Commands.TestMethodCommand.RunTestMethod(TestExecutionContext context)\r\n   at NUnit.Framework.Internal.Commands.TestMethodCommand.Execute(TestExecutionContext context)\r\n   at NUnit.Framework.Internal.Commands.BeforeAndAfterTestCommand.<>c__DisplayClass1_0.<Execute>b__0()\r\n   at NUnit.Framework.Internal.Commands.DelegatingTestCommand.RunTestMethodInThreadAbortSafeZone(TestExecutionContext context, Action action)\n","DisplayName":"GetRandomQuizz_ValidInput_Success","Messages":[],"ComputerName":"DESKTOP-7UH0GM7","Duration":"00:00:00.1447000","StartTime":"2024-06-19T11:16:37.5792326+00:00","EndTime":"2024-06-19T11:16:37.7239323+00:00","Properties":[{"Key":{"Id":"NUnit.Seed","Label":"Seed","Category":"","Description":"","Attributes":0,"ValueType":"System.String"},"Value":"2120298828"}]},{"TestCase":{"Id":"801b0d90-46c9-74e9-74c4-3e47338998b3","FullyQualifiedName":"QuizzApp.Tests.Services.CandidateServiceTests.TakeCustomTest_Failure_ExceptionThrown","DisplayName":"TakeCustomTest_Failure_ExceptionThrown","ExecutorUri":"executor://NUnit3TestExecutor","Source":"C:\\Users\\vc\\Desktop\\Git\\git_push\\MiniProject\\QuizzAppSolution\\QuizzAppTest\\bin\\Debug\\net6.0\\fine-code-coverage\\build-output\\QuizzAppTest.dll","CodeFilePath":null,"LineNumber":0,"Properties":[{"Key":{"Id":"NUnit.Seed","Label":"Seed","Category":"","Description":"","Attributes":0,"ValueType":"System.String"},"Value":"1868612717"}]},"Attachments":[],"Outcome":1,"ErrorMessage":null,"ErrorStackTrace":null,"DisplayName":"TakeCustomTest_Failure_ExceptionThrown","Messages":[],"ComputerName":"DESKTOP-7UH0GM7","Duration":"00:00:00.0456930","StartTime":"2024-06-19T11:16:37.7240399+00:00","EndTime":"2024-06-19T11:16:37.769732+00:00","Properties":[{"Key":{"Id":"NUnit.Seed","Label":"Seed","Category":"","Description":"","Attributes":0,"ValueType":"System.String"},"Value":"1868612717"}]},{"TestCase":{"Id":"03bf3176-ed2e-cb0e-eeea-9a246e4d45d9","FullyQualifiedName":"QuizzApp.Tests.Services.CandidateServiceTests.TakeCustomTest_ValidInput_Success","DisplayName":"TakeCustomTest_ValidInput_Success","ExecutorUri":"executor://NUnit3TestExecutor","Source":"C:\\Users\\vc\\Desktop\\Git\\git_push\\MiniProject\\QuizzAppSolution\\QuizzAppTest\\bin\\Debug\\net6.0\\fine-code-coverage\\build-output\\QuizzAppTest.dll","CodeFilePath":null,"LineNumber":0,"Properties":[{"Key":{"Id":"NUnit.Seed","Label":"Seed","Category":"","Description":"","Attributes":0,"ValueType":"System.String"},"Value":"1098053298"}]},"Attachments":[],"Outcome":1,"ErrorMessage":null,"ErrorStackTrace":null,"DisplayName":"TakeCustomTest_ValidInput_Success","Messages":[],"ComputerName":"DESKTOP-7UH0GM7","Duration":"00:00:00.0055550","StartTime":"2024-06-19T11:16:37.7697692+00:00","EndTime":"2024-06-19T11:16:37.7753236+00:00","Properties":[{"Key":{"Id":"NUnit.Seed","Label":"Seed","Category":"","Description":"","Attributes":0,"ValueType":"System.String"},"Value":"1098053298"}]},{"TestCase":{"Id":"44b94f11-1572-8f83-5822-aebe41cbfb8f","FullyQualifiedName":"QuizzApp.Tests.Services.QuestionServicesTest.AddQuestionWithAnswerAsync_ValidInput_Success","DisplayName":"AddQuestionWithAnswerAsync_ValidInput_Success","ExecutorUri":"executor://NUnit3TestExecutor","Source":"C:\\Users\\vc\\Desktop\\Git\\git_push\\MiniProject\\QuizzAppSolution\\QuizzAppTest\\bin\\Debug\\net6.0\\fine-code-coverage\\build-output\\QuizzAppTest.dll","CodeFilePath":null,"LineNumber":0,"Properties":[{"Key":{"Id":"NUnit.Seed","Label":"Seed","Category":"","Description":"","Attributes":0,"ValueType":"System.String"},"Value":"1019196372"}]},"Attachments":[],"Outcome":1,"ErrorMessage":null,"ErrorStackTrace":null,"DisplayName":"AddQuestionWithAnswerAsync_ValidInput_Success","Messages":[],"ComputerName":"DESKTOP-7UH0GM7","Duration":"00:00:00.0199610","StartTime":"2024-06-19T11:16:37.7754388+00:00","EndTime":"2024-06-19T11:16:37.795397+00:00","Properties":[{"Key":{"Id":"NUnit.Seed","Label":"Seed","Category":"","Description":"","Attributes":0,"ValueType":"System.String"},"Value":"1019196372"}]},{"TestCase":{"Id":"f685e72b-b5c5-ff5f-c808-e6e08c197f0a","FullyQualifiedName":"QuizzApp.Tests.Services.QuestionServicesTest.GetAllCategoriesAsync_EmptyRepository_ExceptionThrown","DisplayName":"GetAllCategoriesAsync_EmptyRepository_ExceptionThrown","ExecutorUri":"executor://NUnit3TestExecutor","Source":"C:\\Users\\vc\\Desktop\\Git\\git_push\\MiniProject\\QuizzAppSolution\\QuizzAppTest\\bin\\Debug\\net6.0\\fine-code-coverage\\build-output\\QuizzAppTest.dll","CodeFilePath":null,"LineNumber":0,"Properties":[{"Key":{"Id":"NUnit.Seed","Label":"Seed","Category":"","Description":"","Attributes":0,"ValueType":"System.String"},"Value":"203129253"}]},"Attachments":[],"Outcome":1,"ErrorMessage":null,"ErrorStackTrace":null,"DisplayName":"GetAllCategoriesAsync_EmptyRepository_ExceptionThrown","Messages":[],"ComputerName":"DESKTOP-7UH0GM7","Duration":"00:00:00.0040600","StartTime":"2024-06-19T11:16:37.7954391+00:00","EndTime":"2024-06-19T11:16:37.7994993+00:00","Properties":[{"Key":{"Id":"NUnit.Seed","Label":"Seed","Category":"","Description":"","Attributes":0,"ValueType":"System.String"},"Value":"203129253"}]},{"TestCase":{"Id":"e4590797-f579-7c19-d771-6c5484e11bd5","FullyQualifiedName":"QuizzApp.Tests.Services.QuestionServicesTest.GetQuestionWithCategory_InvalidFormatExceptionThrown","DisplayName":"GetQuestionWithCategory_InvalidFormatExceptionThrown","ExecutorUri":"executor://NUnit3TestExecutor","Source":"C:\\Users\\vc\\Desktop\\Git\\git_push\\MiniProject\\QuizzAppSolution\\QuizzAppTest\\bin\\Debug\\net6.0\\fine-code-coverage\\build-output\\QuizzAppTest.dll","CodeFilePath":null,"LineNumber":0,"Properties":[{"Key":{"Id":"NUnit.Seed","Label":"Seed","Category":"","Description":"","Attributes":0,"ValueType":"System.String"},"Value":"620171495"}]},"Attachments":[],"Outcome":1,"ErrorMessage":null,"ErrorStackTrace":null,"DisplayName":"GetQuestionWithCategory_InvalidFormatExceptionThrown","Messages":[],"ComputerName":"DESKTOP-7UH0GM7","Duration":"00:00:00.0012400","StartTime":"2024-06-19T11:16:37.7995233+00:00","EndTime":"2024-06-19T11:16:37.800763+00:00","Properties":[{"Key":{"Id":"NUnit.Seed","Label":"Seed","Category":"","Description":"","Attributes":0,"ValueType":"System.String"},"Value":"620171495"}]}],"TestRunStatistics":{"ExecutedTests":18,"Stats":{"Passed":17,"Failed":1}},"ActiveTests":[{"Id":"5e9c8ece-010b-ba59-a0f0-b7841c70518a","FullyQualifiedName":"QuizzApp.Tests.Services.TestServiceUnitTest.AttendTest_QuestionsNotFound_ThrowsException","DisplayName":"AttendTest_QuestionsNotFound_ThrowsException","ExecutorUri":"executor://NUnit3TestExecutor","Source":"C:\\Users\\vc\\Desktop\\Git\\git_push\\MiniProject\\QuizzAppSolution\\QuizzAppTest\\bin\\Debug\\net6.0\\fine-code-coverage\\build-output\\QuizzAppTest.dll","CodeFilePath":null,"LineNumber":0,"Properties":[{"Key":{"Id":"NUnit.Seed","Label":"Seed","Category":"","Description":"","Attributes":0,"ValueType":"System.String"},"Value":"865428483"}]}]}}
TpTrace Verbose: 0 : 26236, 13, 2024/06/19, 16:46:37.806, 5891623470433, vstest.console.dll, TestRunRequest:SendTestRunStatsChange: Starting.
TpTrace Verbose: 0 : 26236, 13, 2024/06/19, 16:46:37.806, 5891623471084, vstest.console.dll, InProgress is AttendTest_QuestionsNotFound_ThrowsException
TpTrace Verbose: 0 : 26236, 13, 2024/06/19, 16:46:37.806, 5891623471520, vstest.console.dll, MulticastDelegateUtilities.SafeInvoke: TestRun.RunStatsChanged: Invoking callbacks was skipped because there are no subscribers.
TpTrace Information: 0 : 26236, 13, 2024/06/19, 16:46:37.806, 5891623471677, vstest.console.dll, TestRunRequest:SendTestRunStatsChange: Completed.
TpTrace Verbose: 0 : 26236, 13, 2024/06/19, 16:46:37.806, 5891623471868, vstest.console.dll, MulticastDelegateUtilities.SafeInvoke: LengthPrefixCommunicationChannel: MessageReceived: Invoking callback 1/1 for Microsoft.VisualStudio.TestPlatform.CommunicationUtilities.TestRequestSender+<>c__DisplayClass34_0., took 1 ms.
TpTrace Verbose: 0 : 26236, 13, 2024/06/19, 16:46:37.806, 5891623472063, vstest.console.dll, TcpClientExtensions.MessageLoopAsync: Polling on remoteEndPoint: 127.0.0.1:56574 localEndPoint: 127.0.0.1:56573 after 201 ms
TpTrace Verbose: 0 : 26236, 4, 2024/06/19, 16:46:37.807, 5891623472871, vstest.console.dll, MulticastDelegateUtilities.SafeInvoke: InternalTestLoggerEvents.SendTestResult: Invoking callback 1/1 for Microsoft.VisualStudio.TestPlatform.CommandLine.Internal.ConsoleLogger., took 0 ms.
TpTrace Verbose: 0 : 26236, 4, 2024/06/19, 16:46:37.807, 5891623473511, vstest.console.dll, MulticastDelegateUtilities.SafeInvoke: InternalTestLoggerEvents.SendTestResult: Invoking callback 1/1 for Microsoft.VisualStudio.TestPlatform.CommandLine.Internal.ConsoleLogger., took 0 ms.
TpTrace Verbose: 0 : 26236, 4, 2024/06/19, 16:46:37.807, 5891623473799, vstest.console.dll, MulticastDelegateUtilities.SafeInvoke: InternalTestLoggerEvents.SendTestResult: Invoking callback 1/1 for Microsoft.VisualStudio.TestPlatform.CommandLine.Internal.ConsoleLogger., took 0 ms.
TpTrace Verbose: 0 : 26236, 4, 2024/06/19, 16:46:37.807, 5891623480162, vstest.console.dll, MulticastDelegateUtilities.SafeInvoke: InternalTestLoggerEvents.SendTestResult: Invoking callback 1/1 for Microsoft.VisualStudio.TestPlatform.CommandLine.Internal.ConsoleLogger., took 0 ms.
TpTrace Verbose: 0 : 26236, 4, 2024/06/19, 16:46:37.807, 5891623480986, vstest.console.dll, MulticastDelegateUtilities.SafeInvoke: InternalTestLoggerEvents.SendTestResult: Invoking callback 1/1 for Microsoft.VisualStudio.TestPlatform.CommandLine.Internal.ConsoleLogger., took 0 ms.
TpTrace Verbose: 0 : 26236, 4, 2024/06/19, 16:46:37.807, 5891623481574, vstest.console.dll, MulticastDelegateUtilities.SafeInvoke: InternalTestLoggerEvents.SendTestResult: Invoking callback 1/1 for Microsoft.VisualStudio.TestPlatform.CommandLine.Internal.ConsoleLogger., took 0 ms.
TpTrace Verbose: 0 : 26236, 4, 2024/06/19, 16:46:37.807, 5891623481822, vstest.console.dll, MulticastDelegateUtilities.SafeInvoke: InternalTestLoggerEvents.SendTestResult: Invoking callback 1/1 for Microsoft.VisualStudio.TestPlatform.CommandLine.Internal.ConsoleLogger., took 0 ms.
TpTrace Verbose: 0 : 26236, 4, 2024/06/19, 16:46:37.807, 5891623482064, vstest.console.dll, MulticastDelegateUtilities.SafeInvoke: InternalTestLoggerEvents.SendTestResult: Invoking callback 1/1 for Microsoft.VisualStudio.TestPlatform.CommandLine.Internal.ConsoleLogger., took 0 ms.
TpTrace Verbose: 0 : 26236, 4, 2024/06/19, 16:46:37.808, 5891623482313, vstest.console.dll, MulticastDelegateUtilities.SafeInvoke: InternalTestLoggerEvents.SendTestResult: Invoking callback 1/1 for Microsoft.VisualStudio.TestPlatform.CommandLine.Internal.ConsoleLogger., took 0 ms.
TpTrace Verbose: 0 : 26236, 13, 2024/06/19, 16:46:37.876, 5891624168057, vstest.console.dll, TcpClientExtensions.MessageLoopAsync: NotifyDataAvailable remoteEndPoint: 127.0.0.1:56574 localEndPoint: 127.0.0.1:56573
TpTrace Verbose: 0 : 26236, 13, 2024/06/19, 16:46:37.876, 5891624170301, vstest.console.dll, TestRequestSender.OnExecutionMessageReceived: Received message: {"Version":7,"MessageType":"TestExecution.StatsChange","Payload":{"NewTestResults":[{"TestCase":{"Id":"5e9c8ece-010b-ba59-a0f0-b7841c70518a","FullyQualifiedName":"QuizzApp.Tests.Services.TestServiceUnitTest.AttendTest_QuestionsNotFound_ThrowsException","DisplayName":"AttendTest_QuestionsNotFound_ThrowsException","ExecutorUri":"executor://NUnit3TestExecutor","Source":"C:\\Users\\vc\\Desktop\\Git\\git_push\\MiniProject\\QuizzAppSolution\\QuizzAppTest\\bin\\Debug\\net6.0\\fine-code-coverage\\build-output\\QuizzAppTest.dll","CodeFilePath":null,"LineNumber":0,"Properties":[{"Key":{"Id":"NUnit.Seed","Label":"Seed","Category":"","Description":"","Attributes":0,"ValueType":"System.String"},"Value":"865428483"}]},"Attachments":[],"Outcome":1,"ErrorMessage":null,"ErrorStackTrace":null,"DisplayName":"AttendTest_QuestionsNotFound_ThrowsException","Messages":[],"ComputerName":"DESKTOP-7UH0GM7","Duration":"00:00:00.0077050","StartTime":"2024-06-19T11:16:37.8009362+00:00","EndTime":"2024-06-19T11:16:37.8086406+00:00","Properties":[{"Key":{"Id":"NUnit.Seed","Label":"Seed","Category":"","Description":"","Attributes":0,"ValueType":"System.String"},"Value":"865428483"}]},{"TestCase":{"Id":"41260a6c-e42e-0a17-aff6-557d95d7c218","FullyQualifiedName":"QuizzApp.Tests.Services.TestServiceUnitTest.AttendTest_UserNotFound_ThrowsException","DisplayName":"AttendTest_UserNotFound_ThrowsException","ExecutorUri":"executor://NUnit3TestExecutor","Source":"C:\\Users\\vc\\Desktop\\Git\\git_push\\MiniProject\\QuizzAppSolution\\QuizzAppTest\\bin\\Debug\\net6.0\\fine-code-coverage\\build-output\\QuizzAppTest.dll","CodeFilePath":null,"LineNumber":0,"Properties":[{"Key":{"Id":"NUnit.Seed","Label":"Seed","Category":"","Description":"","Attributes":0,"ValueType":"System.String"},"Value":"1738195456"}]},"Attachments":[],"Outcome":1,"ErrorMessage":null,"ErrorStackTrace":null,"DisplayName":"AttendTest_UserNotFound_ThrowsException","Messages":[],"ComputerName":"DESKTOP-7UH0GM7","Duration":"00:00:00.0013180","StartTime":"2024-06-19T11:16:37.8086683+00:00","EndTime":"2024-06-19T11:16:37.8099859+00:00","Properties":[{"Key":{"Id":"NUnit.Seed","Label":"Seed","Category":"","Description":"","Attributes":0,"ValueType":"System.String"},"Value":"1738195456"}]},{"TestCase":{"Id":"0143a297-ef23-4f55-f73e-3d16c670c7c6","FullyQualifiedName":"QuizzAppTest.Repositories.OptionsRepositoryTest.AddAsync_ShouldAddOption_WhenOptionIsNew","DisplayName":"AddAsync_ShouldAddOption_WhenOptionIsNew","ExecutorUri":"executor://NUnit3TestExecutor","Source":"C:\\Users\\vc\\Desktop\\Git\\git_push\\MiniProject\\QuizzAppSolution\\QuizzAppTest\\bin\\Debug\\net6.0\\fine-code-coverage\\build-output\\QuizzAppTest.dll","CodeFilePath":null,"LineNumber":0,"Properties":[{"Key":{"Id":"NUnit.Seed","Label":"Seed","Category":"","Description":"","Attributes":0,"ValueType":"System.String"},"Value":"994089885"}]},"Attachments":[],"Outcome":1,"ErrorMessage":null,"ErrorStackTrace":null,"DisplayName":"AddAsync_ShouldAddOption_WhenOptionIsNew","Messages":[],"ComputerName":"DESKTOP-7UH0GM7","Duration":"00:00:00.0236920","StartTime":"2024-06-19T11:16:37.8101042+00:00","EndTime":"2024-06-19T11:16:37.8337953+00:00","Properties":[{"Key":{"Id":"NUnit.Seed","Label":"Seed","Category":"","Description":"","Attributes":0,"ValueType":"System.String"},"Value":"994089885"}]},{"TestCase":{"Id":"8888339a-265b-9e36-325f-8b2892a98c1a","FullyQualifiedName":"QuizzAppTest.Repositories.OptionsRepositoryTest.AddAsync_ShouldReturnNull_WhenOptionIsDuplicate","DisplayName":"AddAsync_ShouldReturnNull_WhenOptionIsDuplicate","ExecutorUri":"executor://NUnit3TestExecutor","Source":"C:\\Users\\vc\\Desktop\\Git\\git_push\\MiniProject\\QuizzAppSolution\\QuizzAppTest\\bin\\Debug\\net6.0\\fine-code-coverage\\build-output\\QuizzAppTest.dll","CodeFilePath":null,"LineNumber":0,"Properties":[{"Key":{"Id":"NUnit.Seed","Label":"Seed","Category":"","Description":"","Attributes":0,"ValueType":"System.String"},"Value":"446033603"}]},"Attachments":[],"Outcome":1,"ErrorMessage":null,"ErrorStackTrace":null,"DisplayName":"AddAsync_ShouldReturnNull_WhenOptionIsDuplicate","Messages":[],"ComputerName":"DESKTOP-7UH0GM7","Duration":"00:00:00.0118180","StartTime":"2024-06-19T11:16:37.8338691+00:00","EndTime":"2024-06-19T11:16:37.8456871+00:00","Properties":[{"Key":{"Id":"NUnit.Seed","Label":"Seed","Category":"","Description":"","Attributes":0,"ValueType":"System.String"},"Value":"446033603"}]},{"TestCase":{"Id":"874c738c-3348-bb61-aacd-6382b3722e65","FullyQualifiedName":"QuizzAppTest.Repositories.OptionsRepositoryTest.GetAllByQuestionIdAsync_ShouldReturnOptions_ForGivenQuestionIds","DisplayName":"GetAllByQuestionIdAsync_ShouldReturnOptions_ForGivenQuestionIds","ExecutorUri":"executor://NUnit3TestExecutor","Source":"C:\\Users\\vc\\Desktop\\Git\\git_push\\MiniProject\\QuizzAppSolution\\QuizzAppTest\\bin\\Debug\\net6.0\\fine-code-coverage\\build-output\\QuizzAppTest.dll","CodeFilePath":null,"LineNumber":0,"Properties":[{"Key":{"Id":"NUnit.Seed","Label":"Seed","Category":"","Description":"","Attributes":0,"ValueType":"System.String"},"Value":"1042027285"}]},"Attachments":[],"Outcome":1,"ErrorMessage":null,"ErrorStackTrace":null,"DisplayName":"GetAllByQuestionIdAsync_ShouldReturnOptions_ForGivenQuestionIds","Messages":[],"ComputerName":"DESKTOP-7UH0GM7","Duration":"00:00:00.0052769","StartTime":"2024-06-19T11:16:37.845717+00:00","EndTime":"2024-06-19T11:16:37.8509935+00:00","Properties":[{"Key":{"Id":"NUnit.Seed","Label":"Seed","Category":"","Description":"","Attributes":0,"ValueType":"System.String"},"Value":"1042027285"}]},{"TestCase":{"Id":"9008ae61-c28c-550e-8746-319ca926f92d","FullyQualifiedName":"QuizzAppTest.Repositories.ResultRepositoryTest.AddAsync_ShouldAddResult","DisplayName":"AddAsync_ShouldAddResult","ExecutorUri":"executor://NUnit3TestExecutor","Source":"C:\\Users\\vc\\Desktop\\Git\\git_push\\MiniProject\\QuizzAppSolution\\QuizzAppTest\\bin\\Debug\\net6.0\\fine-code-coverage\\build-output\\QuizzAppTest.dll","CodeFilePath":null,"LineNumber":0,"Properties":[{"Key":{"Id":"NUnit.Seed","Label":"Seed","Category":"","Description":"","Attributes":0,"ValueType":"System.String"},"Value":"1238690325"}]},"Attachments":[],"Outcome":1,"ErrorMessage":null,"ErrorStackTrace":null,"DisplayName":"AddAsync_ShouldAddResult","Messages":[],"ComputerName":"DESKTOP-7UH0GM7","Duration":"00:00:00.0115040","StartTime":"2024-06-19T11:16:37.8511282+00:00","EndTime":"2024-06-19T11:16:37.8626317+00:00","Properties":[{"Key":{"Id":"NUnit.Seed","Label":"Seed","Category":"","Description":"","Attributes":0,"ValueType":"System.String"},"Value":"1238690325"}]},{"TestCase":{"Id":"56e7884d-57e4-c44c-6813-41028cdcdd42","FullyQualifiedName":"QuizzAppTest.Repositories.ResultRepositoryTest.GetAllAsync_ShouldReturnAllResults","DisplayName":"GetAllAsync_ShouldReturnAllResults","ExecutorUri":"executor://NUnit3TestExecutor","Source":"C:\\Users\\vc\\Desktop\\Git\\git_push\\MiniProject\\QuizzAppSolution\\QuizzAppTest\\bin\\Debug\\net6.0\\fine-code-coverage\\build-output\\QuizzAppTest.dll","CodeFilePath":null,"LineNumber":0,"Properties":[{"Key":{"Id":"NUnit.Seed","Label":"Seed","Category":"","Description":"","Attributes":0,"ValueType":"System.String"},"Value":"1807381081"}]},"Attachments":[],"Outcome":1,"ErrorMessage":null,"ErrorStackTrace":null,"DisplayName":"GetAllAsync_ShouldReturnAllResults","Messages":[],"ComputerName":"DESKTOP-7UH0GM7","Duration":"00:00:00.0050640","StartTime":"2024-06-19T11:16:37.8626606+00:00","EndTime":"2024-06-19T11:16:37.8677239+00:00","Properties":[{"Key":{"Id":"NUnit.Seed","Label":"Seed","Category":"","Description":"","Attributes":0,"ValueType":"System.String"},"Value":"1807381081"}]},{"TestCase":{"Id":"4d118487-72fc-6093-4f13-feaaa3d64dde","FullyQualifiedName":"QuizzAppTest.Repositories.ResultRepositoryTest.GetAsync_ExistingResultId_ShouldReturnResult","DisplayName":"GetAsync_ExistingResultId_ShouldReturnResult","ExecutorUri":"executor://NUnit3TestExecutor","Source":"C:\\Users\\vc\\Desktop\\Git\\git_push\\MiniProject\\QuizzAppSolution\\QuizzAppTest\\bin\\Debug\\net6.0\\fine-code-coverage\\build-output\\QuizzAppTest.dll","CodeFilePath":null,"LineNumber":0,"Properties":[{"Key":{"Id":"NUnit.Seed","Label":"Seed","Category":"","Description":"","Attributes":0,"ValueType":"System.String"},"Value":"1368421074"}]},"Attachments":[],"Outcome":1,"ErrorMessage":null,"ErrorStackTrace":null,"DisplayName":"GetAsync_ExistingResultId_ShouldReturnResult","Messages":[],"ComputerName":"DESKTOP-7UH0GM7","Duration":"00:00:00.0013519","StartTime":"2024-06-19T11:16:37.867747+00:00","EndTime":"2024-06-19T11:16:37.8690993+00:00","Properties":[{"Key":{"Id":"NUnit.Seed","Label":"Seed","Category":"","Description":"","Attributes":0,"ValueType":"System.String"},"Value":"1368421074"}]},{"TestCase":{"Id":"7c6bbffd-2c1d-1a66-9fd1-0f8e08c3422b","FullyQualifiedName":"QuizzAppTest.Repositories.ResultRepositoryTest.GetAsync_NonExistingResultId_ShouldThrowException","DisplayName":"GetAsync_NonExistingResultId_ShouldThrowException","ExecutorUri":"executor://NUnit3TestExecutor","Source":"C:\\Users\\vc\\Desktop\\Git\\git_push\\MiniProject\\QuizzAppSolution\\QuizzAppTest\\bin\\Debug\\net6.0\\fine-code-coverage\\build-output\\QuizzAppTest.dll","CodeFilePath":null,"LineNumber":0,"Properties":[{"Key":{"Id":"NUnit.Seed","Label":"Seed","Category":"","Description":"","Attributes":0,"ValueType":"System.String"},"Value":"1704897177"}]},"Attachments":[],"Outcome":1,"ErrorMessage":null,"ErrorStackTrace":null,"DisplayName":"GetAsync_NonExistingResultId_ShouldThrowException","Messages":[],"ComputerName":"DESKTOP-7UH0GM7","Duration":"00:00:00.0054570","StartTime":"2024-06-19T11:16:37.8691118+00:00","EndTime":"2024-06-19T11:16:37.8745679+00:00","Properties":[{"Key":{"Id":"NUnit.Seed","Label":"Seed","Category":"","Description":"","Attributes":0,"ValueType":"System.String"},"Value":"1704897177"}]}],"TestRunStatistics":{"ExecutedTests":27,"Stats":{"Passed":26,"Failed":1}},"ActiveTests":[{"Id":"aeb29591-560e-2593-44bc-968822e22c35","FullyQualifiedName":"QuizzAppTest.Services.SolutionServiceTest.GetSolutions_EmptySolutions_ThrowsEmptyRepositoryException","DisplayName":"GetSolutions_EmptySolutions_ThrowsEmptyRepositoryException","ExecutorUri":"executor://NUnit3TestExecutor","Source":"C:\\Users\\vc\\Desktop\\Git\\git_push\\MiniProject\\QuizzAppSolution\\QuizzAppTest\\bin\\Debug\\net6.0\\fine-code-coverage\\build-output\\QuizzAppTest.dll","CodeFilePath":null,"LineNumber":0,"Properties":[{"Key":{"Id":"NUnit.Seed","Label":"Seed","Category":"","Description":"","Attributes":0,"ValueType":"System.String"},"Value":"1412526857"}]}]}}
TpTrace Verbose: 0 : 26236, 13, 2024/06/19, 16:46:37.879, 5891624193463, vstest.console.dll, TestRunRequest:SendTestRunStatsChange: Starting.
TpTrace Verbose: 0 : 26236, 13, 2024/06/19, 16:46:37.879, 5891624194624, vstest.console.dll, InProgress is GetSolutions_EmptySolutions_ThrowsEmptyRepositoryException
TpTrace Verbose: 0 : 26236, 13, 2024/06/19, 16:46:37.879, 5891624195114, vstest.console.dll, MulticastDelegateUtilities.SafeInvoke: TestRun.RunStatsChanged: Invoking callbacks was skipped because there are no subscribers.
TpTrace Information: 0 : 26236, 13, 2024/06/19, 16:46:37.879, 5891624195283, vstest.console.dll, TestRunRequest:SendTestRunStatsChange: Completed.
TpTrace Verbose: 0 : 26236, 13, 2024/06/19, 16:46:37.879, 5891624195489, vstest.console.dll, MulticastDelegateUtilities.SafeInvoke: LengthPrefixCommunicationChannel: MessageReceived: Invoking callback 1/1 for Microsoft.VisualStudio.TestPlatform.CommunicationUtilities.TestRequestSender+<>c__DisplayClass34_0., took 2 ms.
TpTrace Verbose: 0 : 26236, 13, 2024/06/19, 16:46:37.879, 5891624195818, vstest.console.dll, TcpClientExtensions.MessageLoopAsync: Polling on remoteEndPoint: 127.0.0.1:56574 localEndPoint: 127.0.0.1:56573 after 72 ms
TpTrace Verbose: 0 : 26236, 4, 2024/06/19, 16:46:37.879, 5891624195892, vstest.console.dll, MulticastDelegateUtilities.SafeInvoke: InternalTestLoggerEvents.SendTestResult: Invoking callback 1/1 for Microsoft.VisualStudio.TestPlatform.CommandLine.Internal.ConsoleLogger., took 0 ms.
TpTrace Verbose: 0 : 26236, 4, 2024/06/19, 16:46:37.879, 5891624196628, vstest.console.dll, MulticastDelegateUtilities.SafeInvoke: InternalTestLoggerEvents.SendTestResult: Invoking callback 1/1 for Microsoft.VisualStudio.TestPlatform.CommandLine.Internal.ConsoleLogger., took 0 ms.
TpTrace Verbose: 0 : 26236, 4, 2024/06/19, 16:46:37.879, 5891624196971, vstest.console.dll, MulticastDelegateUtilities.SafeInvoke: InternalTestLoggerEvents.SendTestResult: Invoking callback 1/1 for Microsoft.VisualStudio.TestPlatform.CommandLine.Internal.ConsoleLogger., took 0 ms.
TpTrace Verbose: 0 : 26236, 4, 2024/06/19, 16:46:37.880, 5891624206801, vstest.console.dll, MulticastDelegateUtilities.SafeInvoke: InternalTestLoggerEvents.SendTestResult: Invoking callback 1/1 for Microsoft.VisualStudio.TestPlatform.CommandLine.Internal.ConsoleLogger., took 0 ms.
TpTrace Verbose: 0 : 26236, 4, 2024/06/19, 16:46:37.880, 5891624208071, vstest.console.dll, MulticastDelegateUtilities.SafeInvoke: InternalTestLoggerEvents.SendTestResult: Invoking callback 1/1 for Microsoft.VisualStudio.TestPlatform.CommandLine.Internal.ConsoleLogger., took 0 ms.
TpTrace Verbose: 0 : 26236, 4, 2024/06/19, 16:46:37.880, 5891624208434, vstest.console.dll, MulticastDelegateUtilities.SafeInvoke: InternalTestLoggerEvents.SendTestResult: Invoking callback 1/1 for Microsoft.VisualStudio.TestPlatform.CommandLine.Internal.ConsoleLogger., took 0 ms.
TpTrace Verbose: 0 : 26236, 4, 2024/06/19, 16:46:37.880, 5891624208736, vstest.console.dll, MulticastDelegateUtilities.SafeInvoke: InternalTestLoggerEvents.SendTestResult: Invoking callback 1/1 for Microsoft.VisualStudio.TestPlatform.CommandLine.Internal.ConsoleLogger., took 0 ms.
TpTrace Verbose: 0 : 26236, 4, 2024/06/19, 16:46:37.880, 5891624209000, vstest.console.dll, MulticastDelegateUtilities.SafeInvoke: InternalTestLoggerEvents.SendTestResult: Invoking callback 1/1 for Microsoft.VisualStudio.TestPlatform.CommandLine.Internal.ConsoleLogger., took 0 ms.
TpTrace Verbose: 0 : 26236, 4, 2024/06/19, 16:46:37.880, 5891624209238, vstest.console.dll, MulticastDelegateUtilities.SafeInvoke: InternalTestLoggerEvents.SendTestResult: Invoking callback 1/1 for Microsoft.VisualStudio.TestPlatform.CommandLine.Internal.ConsoleLogger., took 0 ms.
TpTrace Verbose: 0 : 26236, 13, 2024/06/19, 16:46:38.049, 5891625900986, vstest.console.dll, TcpClientExtensions.MessageLoopAsync: NotifyDataAvailable remoteEndPoint: 127.0.0.1:56574 localEndPoint: 127.0.0.1:56573
TpTrace Verbose: 0 : 26236, 13, 2024/06/19, 16:46:38.050, 5891625903033, vstest.console.dll, TestRequestSender.OnExecutionMessageReceived: Received message: {"Version":7,"MessageType":"TestExecution.StatsChange","Payload":{"NewTestResults":[{"TestCase":{"Id":"aeb29591-560e-2593-44bc-968822e22c35","FullyQualifiedName":"QuizzAppTest.Services.SolutionServiceTest.GetSolutions_EmptySolutions_ThrowsEmptyRepositoryException","DisplayName":"GetSolutions_EmptySolutions_ThrowsEmptyRepositoryException","ExecutorUri":"executor://NUnit3TestExecutor","Source":"C:\\Users\\vc\\Desktop\\Git\\git_push\\MiniProject\\QuizzAppSolution\\QuizzAppTest\\bin\\Debug\\net6.0\\fine-code-coverage\\build-output\\QuizzAppTest.dll","CodeFilePath":null,"LineNumber":0,"Properties":[{"Key":{"Id":"NUnit.Seed","Label":"Seed","Category":"","Description":"","Attributes":0,"ValueType":"System.String"},"Value":"1412526857"}]},"Attachments":[],"Outcome":1,"ErrorMessage":null,"ErrorStackTrace":null,"DisplayName":"GetSolutions_EmptySolutions_ThrowsEmptyRepositoryException","Messages":[],"ComputerName":"DESKTOP-7UH0GM7","Duration":"00:00:00.0049020","StartTime":"2024-06-19T11:16:37.8747075+00:00","EndTime":"2024-06-19T11:16:37.8796085+00:00","Properties":[{"Key":{"Id":"NUnit.Seed","Label":"Seed","Category":"","Description":"","Attributes":0,"ValueType":"System.String"},"Value":"1412526857"}]},{"TestCase":{"Id":"bae44f53-6262-0c82-d387-a12e738be9ed","FullyQualifiedName":"QuizzAppTest.Services.SolutionServiceTest.GetSolutions_ExceptionInRepositories_ThrowsErrorInConnectingRepository","DisplayName":"GetSolutions_ExceptionInRepositories_ThrowsErrorInConnectingRepository","ExecutorUri":"executor://NUnit3TestExecutor","Source":"C:\\Users\\vc\\Desktop\\Git\\git_push\\MiniProject\\QuizzAppSolution\\QuizzAppTest\\bin\\Debug\\net6.0\\fine-code-coverage\\build-output\\QuizzAppTest.dll","CodeFilePath":null,"LineNumber":0,"Properties":[{"Key":{"Id":"NUnit.Seed","Label":"Seed","Category":"","Description":"","Attributes":0,"ValueType":"System.String"},"Value":"77118987"}]},"Attachments":[],"Outcome":1,"ErrorMessage":null,"ErrorStackTrace":null,"DisplayName":"GetSolutions_ExceptionInRepositories_ThrowsErrorInConnectingRepository","Messages":[],"ComputerName":"DESKTOP-7UH0GM7","Duration":"00:00:00.0024900","StartTime":"2024-06-19T11:16:37.8796493+00:00","EndTime":"2024-06-19T11:16:37.8821383+00:00","Properties":[{"Key":{"Id":"NUnit.Seed","Label":"Seed","Category":"","Description":"","Attributes":0,"ValueType":"System.String"},"Value":"77118987"}]},{"TestCase":{"Id":"6d0cfe30-1c2c-523b-8e25-26e8c2a04f73","FullyQualifiedName":"QuizzAppTest.Services.SolutionServiceTest.GetSolutions_NullOptions_ReturnsOnlySolutions","DisplayName":"GetSolutions_NullOptions_ReturnsOnlySolutions","ExecutorUri":"executor://NUnit3TestExecutor","Source":"C:\\Users\\vc\\Desktop\\Git\\git_push\\MiniProject\\QuizzAppSolution\\QuizzAppTest\\bin\\Debug\\net6.0\\fine-code-coverage\\build-output\\QuizzAppTest.dll","CodeFilePath":null,"LineNumber":0,"Properties":[{"Key":{"Id":"NUnit.Seed","Label":"Seed","Category":"","Description":"","Attributes":0,"ValueType":"System.String"},"Value":"1277774291"}]},"Attachments":[],"Outcome":1,"ErrorMessage":null,"ErrorStackTrace":null,"DisplayName":"GetSolutions_NullOptions_ReturnsOnlySolutions","Messages":[],"ComputerName":"DESKTOP-7UH0GM7","Duration":"00:00:00.0019410","StartTime":"2024-06-19T11:16:37.8821634+00:00","EndTime":"2024-06-19T11:16:37.8841041+00:00","Properties":[{"Key":{"Id":"NUnit.Seed","Label":"Seed","Category":"","Description":"","Attributes":0,"ValueType":"System.String"},"Value":"1277774291"}]},{"TestCase":{"Id":"48c6784b-b02f-fef5-dee3-b1aaa7bb72e8","FullyQualifiedName":"QuizzAppTest.Services.SolutionServiceTest.GetSolutions_ValidQuestions_ReturnsSolutionsAndOptions","DisplayName":"GetSolutions_ValidQuestions_ReturnsSolutionsAndOptions","ExecutorUri":"executor://NUnit3TestExecutor","Source":"C:\\Users\\vc\\Desktop\\Git\\git_push\\MiniProject\\QuizzAppSolution\\QuizzAppTest\\bin\\Debug\\net6.0\\fine-code-coverage\\build-output\\QuizzAppTest.dll","CodeFilePath":null,"LineNumber":0,"Properties":[{"Key":{"Id":"NUnit.Seed","Label":"Seed","Category":"","Description":"","Attributes":0,"ValueType":"System.String"},"Value":"2094807454"}]},"Attachments":[],"Outcome":1,"ErrorMessage":null,"ErrorStackTrace":null,"DisplayName":"GetSolutions_ValidQuestions_ReturnsSolutionsAndOptions","Messages":[],"ComputerName":"DESKTOP-7UH0GM7","Duration":"00:00:00.0019360","StartTime":"2024-06-19T11:16:37.8841261+00:00","EndTime":"2024-06-19T11:16:37.8860616+00:00","Properties":[{"Key":{"Id":"NUnit.Seed","Label":"Seed","Category":"","Description":"","Attributes":0,"ValueType":"System.String"},"Value":"2094807454"}]},{"TestCase":{"Id":"811538ef-6611-9a1a-619a-24e1f72d5f6b","FullyQualifiedName":"QuizzAppTest.Services.Test.TestRepositoryTest.AddTestListAsync_Should_Add_Test_List","DisplayName":"AddTestListAsync_Should_Add_Test_List","ExecutorUri":"executor://NUnit3TestExecutor","Source":"C:\\Users\\vc\\Desktop\\Git\\git_push\\MiniProject\\QuizzAppSolution\\QuizzAppTest\\bin\\Debug\\net6.0\\fine-code-coverage\\build-output\\QuizzAppTest.dll","CodeFilePath":null,"LineNumber":0,"Properties":[{"Key":{"Id":"NUnit.Seed","Label":"Seed","Category":"","Description":"","Attributes":0,"ValueType":"System.String"},"Value":"754571208"}]},"Attachments":[],"Outcome":1,"ErrorMessage":null,"ErrorStackTrace":null,"DisplayName":"AddTestListAsync_Should_Add_Test_List","Messages":[],"ComputerName":"DESKTOP-7UH0GM7","Duration":"00:00:00.0135850","StartTime":"2024-06-19T11:16:37.8861968+00:00","EndTime":"2024-06-19T11:16:37.8997817+00:00","Properties":[{"Key":{"Id":"NUnit.Seed","Label":"Seed","Category":"","Description":"","Attributes":0,"ValueType":"System.String"},"Value":"754571208"}]},{"TestCase":{"Id":"1f05ca83-5c79-262a-b8cf-5cfe450c72b5","FullyQualifiedName":"QuizzAppTest.Services.Test.TestRepositoryTest.GetTestByAssignmentNoAsync_Should_Return_TestDTO","DisplayName":"GetTestByAssignmentNoAsync_Should_Return_TestDTO","ExecutorUri":"executor://NUnit3TestExecutor","Source":"C:\\Users\\vc\\Desktop\\Git\\git_push\\MiniProject\\QuizzAppSolution\\QuizzAppTest\\bin\\Debug\\net6.0\\fine-code-coverage\\build-output\\QuizzAppTest.dll","CodeFilePath":null,"LineNumber":0,"Properties":[{"Key":{"Id":"NUnit.Seed","Label":"Seed","Category":"","Description":"","Attributes":0,"ValueType":"System.String"},"Value":"1479289386"}]},"Attachments":[],"Outcome":1,"ErrorMessage":null,"ErrorStackTrace":null,"DisplayName":"GetTestByAssignmentNoAsync_Should_Return_TestDTO","Messages":[],"ComputerName":"DESKTOP-7UH0GM7","Duration":"00:00:00.0079520","StartTime":"2024-06-19T11:16:37.8998462+00:00","EndTime":"2024-06-19T11:16:37.9077979+00:00","Properties":[{"Key":{"Id":"NUnit.Seed","Label":"Seed","Category":"","Description":"","Attributes":0,"ValueType":"System.String"},"Value":"1479289386"}]},{"TestCase":{"Id":"6c9b9672-3e26-78e2-233a-804050603827","FullyQualifiedName":"QuizzAppTest.Services.Test.TestRepositoryTest.GetTestByUserIdAndAssignemtnNumber_Should_Return_TestDTO","DisplayName":"GetTestByUserIdAndAssignemtnNumber_Should_Return_TestDTO","ExecutorUri":"executor://NUnit3TestExecutor","Source":"C:\\Users\\vc\\Desktop\\Git\\git_push\\MiniProject\\QuizzAppSolution\\QuizzAppTest\\bin\\Debug\\net6.0\\fine-code-coverage\\build-output\\QuizzAppTest.dll","CodeFilePath":null,"LineNumber":0,"Properties":[{"Key":{"Id":"NUnit.Seed","Label":"Seed","Category":"","Description":"","Attributes":0,"ValueType":"System.String"},"Value":"780268002"}]},"Attachments":[],"Outcome":1,"ErrorMessage":null,"ErrorStackTrace":null,"DisplayName":"GetTestByUserIdAndAssignemtnNumber_Should_Return_TestDTO","Messages":[],"ComputerName":"DESKTOP-7UH0GM7","Duration":"00:00:00.0061280","StartTime":"2024-06-19T11:16:37.9078404+00:00","EndTime":"2024-06-19T11:16:37.9139678+00:00","Properties":[{"Key":{"Id":"NUnit.Seed","Label":"Seed","Category":"","Description":"","Attributes":0,"ValueType":"System.String"},"Value":"780268002"}]},{"TestCase":{"Id":"36261050-91b4-9fcd-2d7d-53b09d615c8d","FullyQualifiedName":"QuizzAppTest.Services.TokenServiceTest.TokenServiceTest1","DisplayName":"TokenServiceTest1","ExecutorUri":"executor://NUnit3TestExecutor","Source":"C:\\Users\\vc\\Desktop\\Git\\git_push\\MiniProject\\QuizzAppSolution\\QuizzAppTest\\bin\\Debug\\net6.0\\fine-code-coverage\\build-output\\QuizzAppTest.dll","CodeFilePath":null,"LineNumber":0,"Properties":[{"Key":{"Id":"NUnit.Seed","Label":"Seed","Category":"","Description":"","Attributes":0,"ValueType":"System.String"},"Value":"1080747461"}]},"Attachments":[],"Outcome":1,"ErrorMessage":null,"ErrorStackTrace":null,"DisplayName":"TokenServiceTest1","Messages":[],"ComputerName":"DESKTOP-7UH0GM7","Duration":"00:00:00.0784170","StartTime":"2024-06-19T11:16:37.9141125+00:00","EndTime":"2024-06-19T11:16:37.9925281+00:00","Properties":[{"Key":{"Id":"NUnit.Seed","Label":"Seed","Category":"","Description":"","Attributes":0,"ValueType":"System.String"},"Value":"1080747461"}]},{"TestCase":{"Id":"66bebbb4-3cb1-300d-2203-ba6bd4dc97a5","FullyQualifiedName":"QuizzAppTest.Services.UserRepositoryTest.UserService_AdminLogin_Test","DisplayName":"UserService_AdminLogin_Test","ExecutorUri":"executor://NUnit3TestExecutor","Source":"C:\\Users\\vc\\Desktop\\Git\\git_push\\MiniProject\\QuizzAppSolution\\QuizzAppTest\\bin\\Debug\\net6.0\\fine-code-coverage\\build-output\\QuizzAppTest.dll","CodeFilePath":null,"LineNumber":0,"Properties":[{"Key":{"Id":"NUnit.Seed","Label":"Seed","Category":"","Description":"","Attributes":0,"ValueType":"System.String"},"Value":"1178007454"}]},"Attachments":[],"Outcome":1,"ErrorMessage":null,"ErrorStackTrace":null,"DisplayName":"UserService_AdminLogin_Test","Messages":[],"ComputerName":"DESKTOP-7UH0GM7","Duration":"00:00:00.0542230","StartTime":"2024-06-19T11:16:37.9926708+00:00","EndTime":"2024-06-19T11:16:38.0468932+00:00","Properties":[{"Key":{"Id":"NUnit.Seed","Label":"Seed","Category":"","Description":"","Attributes":0,"ValueType":"System.String"},"Value":"1178007454"}]}],"TestRunStatistics":{"ExecutedTests":36,"Stats":{"Passed":35,"Failed":1}},"ActiveTests":[{"Id":"98e1854f-6b76-0b04-f081-48f15b01643f","FullyQualifiedName":"QuizzAppTest.Services.UserRepositoryTest.UserService_CandidateLogin_Test","DisplayName":"UserService_CandidateLogin_Test","ExecutorUri":"executor://NUnit3TestExecutor","Source":"C:\\Users\\vc\\Desktop\\Git\\git_push\\MiniProject\\QuizzAppSolution\\QuizzAppTest\\bin\\Debug\\net6.0\\fine-code-coverage\\build-output\\QuizzAppTest.dll","CodeFilePath":null,"LineNumber":0,"Properties":[{"Key":{"Id":"NUnit.Seed","Label":"Seed","Category":"","Description":"","Attributes":0,"ValueType":"System.String"},"Value":"1962630804"}]}]}}
TpTrace Verbose: 0 : 26236, 13, 2024/06/19, 16:46:38.051, 5891625917785, vstest.console.dll, TestRunRequest:SendTestRunStatsChange: Starting.
TpTrace Verbose: 0 : 26236, 13, 2024/06/19, 16:46:38.051, 5891625918534, vstest.console.dll, InProgress is UserService_CandidateLogin_Test
TpTrace Verbose: 0 : 26236, 13, 2024/06/19, 16:46:38.051, 5891625919050, vstest.console.dll, MulticastDelegateUtilities.SafeInvoke: TestRun.RunStatsChanged: Invoking callbacks was skipped because there are no subscribers.
TpTrace Information: 0 : 26236, 13, 2024/06/19, 16:46:38.051, 5891625919908, vstest.console.dll, TestRunRequest:SendTestRunStatsChange: Completed.
TpTrace Verbose: 0 : 26236, 4, 2024/06/19, 16:46:38.051, 5891625920069, vstest.console.dll, MulticastDelegateUtilities.SafeInvoke: InternalTestLoggerEvents.SendTestResult: Invoking callback 1/1 for Microsoft.VisualStudio.TestPlatform.CommandLine.Internal.ConsoleLogger., took 0 ms.
TpTrace Verbose: 0 : 26236, 4, 2024/06/19, 16:46:38.051, 5891625920871, vstest.console.dll, MulticastDelegateUtilities.SafeInvoke: InternalTestLoggerEvents.SendTestResult: Invoking callback 1/1 for Microsoft.VisualStudio.TestPlatform.CommandLine.Internal.ConsoleLogger., took 0 ms.
TpTrace Verbose: 0 : 26236, 13, 2024/06/19, 16:46:38.051, 5891625920142, vstest.console.dll, MulticastDelegateUtilities.SafeInvoke: LengthPrefixCommunicationChannel: MessageReceived: Invoking callback 1/1 for Microsoft.VisualStudio.TestPlatform.CommunicationUtilities.TestRequestSender+<>c__DisplayClass34_0., took 1 ms.
TpTrace Verbose: 0 : 26236, 4, 2024/06/19, 16:46:38.051, 5891625921313, vstest.console.dll, MulticastDelegateUtilities.SafeInvoke: InternalTestLoggerEvents.SendTestResult: Invoking callback 1/1 for Microsoft.VisualStudio.TestPlatform.CommandLine.Internal.ConsoleLogger., took 0 ms.
TpTrace Verbose: 0 : 26236, 13, 2024/06/19, 16:46:38.051, 5891625921627, vstest.console.dll, TcpClientExtensions.MessageLoopAsync: Polling on remoteEndPoint: 127.0.0.1:56574 localEndPoint: 127.0.0.1:56573 after 172 ms
TpTrace Verbose: 0 : 26236, 4, 2024/06/19, 16:46:38.051, 5891625921993, vstest.console.dll, MulticastDelegateUtilities.SafeInvoke: InternalTestLoggerEvents.SendTestResult: Invoking callback 1/1 for Microsoft.VisualStudio.TestPlatform.CommandLine.Internal.ConsoleLogger., took 0 ms.
TpTrace Verbose: 0 : 26236, 4, 2024/06/19, 16:46:38.052, 5891625922394, vstest.console.dll, MulticastDelegateUtilities.SafeInvoke: InternalTestLoggerEvents.SendTestResult: Invoking callback 1/1 for Microsoft.VisualStudio.TestPlatform.CommandLine.Internal.ConsoleLogger., took 0 ms.
TpTrace Verbose: 0 : 26236, 4, 2024/06/19, 16:46:38.052, 5891625922731, vstest.console.dll, MulticastDelegateUtilities.SafeInvoke: InternalTestLoggerEvents.SendTestResult: Invoking callback 1/1 for Microsoft.VisualStudio.TestPlatform.CommandLine.Internal.ConsoleLogger., took 0 ms.
TpTrace Verbose: 0 : 26236, 4, 2024/06/19, 16:46:38.052, 5891625923070, vstest.console.dll, MulticastDelegateUtilities.SafeInvoke: InternalTestLoggerEvents.SendTestResult: Invoking callback 1/1 for Microsoft.VisualStudio.TestPlatform.CommandLine.Internal.ConsoleLogger., took 0 ms.
TpTrace Verbose: 0 : 26236, 4, 2024/06/19, 16:46:38.052, 5891625923388, vstest.console.dll, MulticastDelegateUtilities.SafeInvoke: InternalTestLoggerEvents.SendTestResult: Invoking callback 1/1 for Microsoft.VisualStudio.TestPlatform.CommandLine.Internal.ConsoleLogger., took 0 ms.
TpTrace Verbose: 0 : 26236, 4, 2024/06/19, 16:46:38.052, 5891625923825, vstest.console.dll, MulticastDelegateUtilities.SafeInvoke: InternalTestLoggerEvents.SendTestResult: Invoking callback 1/1 for Microsoft.VisualStudio.TestPlatform.CommandLine.Internal.ConsoleLogger., took 0 ms.
TpTrace Verbose: 0 : 26236, 13, 2024/06/19, 16:46:38.064, 5891626045277, vstest.console.dll, TcpClientExtensions.MessageLoopAsync: NotifyDataAvailable remoteEndPoint: 127.0.0.1:56574 localEndPoint: 127.0.0.1:56573
TpTrace Verbose: 0 : 26236, 13, 2024/06/19, 16:46:38.064, 5891626046547, vstest.console.dll, TestRequestSender.OnExecutionMessageReceived: Received message: {"Version":7,"MessageType":"TestSession.Message","Payload":{"MessageLevel":0,"Message":"NUnit Adapter 4.4.0.0: Test execution complete"}}
TpTrace Verbose: 0 : 26236, 13, 2024/06/19, 16:46:38.064, 5891626047576, vstest.console.dll, TestRunRequest:SendTestRunMessage: Starting.
TpTrace Verbose: 0 : 26236, 13, 2024/06/19, 16:46:38.064, 5891626047961, vstest.console.dll, MulticastDelegateUtilities.SafeInvoke: TestRun.LogMessages: Invoking callback 1/1 for Microsoft.VisualStudio.TestPlatform.CommandLine.TestRunResultAggregator., took 0 ms.
TpTrace Verbose: 0 : 26236, 4, 2024/06/19, 16:46:38.064, 5891626048349, vstest.console.dll, MulticastDelegateUtilities.SafeInvoke: InternalTestLoggerEvents.SendTestRunMessage: Invoking callback 1/1 for Microsoft.VisualStudio.TestPlatform.CommandLine.Internal.ConsoleLogger., took 0 ms.
TpTrace Information: 0 : 26236, 13, 2024/06/19, 16:46:38.064, 5891626048844, vstest.console.dll, TestRunRequest:SendTestRunMessage: Completed.
TpTrace Verbose: 0 : 26236, 13, 2024/06/19, 16:46:38.065, 5891626052644, vstest.console.dll, MulticastDelegateUtilities.SafeInvoke: LengthPrefixCommunicationChannel: MessageReceived: Invoking callback 1/1 for Microsoft.VisualStudio.TestPlatform.CommunicationUtilities.TestRequestSender+<>c__DisplayClass34_0., took 0 ms.
TpTrace Verbose: 0 : 26236, 13, 2024/06/19, 16:46:38.065, 5891626052900, vstest.console.dll, TcpClientExtensions.MessageLoopAsync: Polling on remoteEndPoint: 127.0.0.1:56574 localEndPoint: 127.0.0.1:56573 after 13 ms
TpTrace Verbose: 0 : 26236, 13, 2024/06/19, 16:46:38.082, 5891626228333, vstest.console.dll, TcpClientExtensions.MessageLoopAsync: NotifyDataAvailable remoteEndPoint: 127.0.0.1:56574 localEndPoint: 127.0.0.1:56573
TpTrace Verbose: 0 : 26236, 13, 2024/06/19, 16:46:38.082, 5891626230093, vstest.console.dll, TestRequestSender.OnExecutionMessageReceived: Received message: {"Version":7,"MessageType":"TestExecution.Completed","Payload":{"TestRunCompleteArgs":{"TestRunStatistics":{"ExecutedTests":39,"Stats":{"Passed":38,"Failed":1}},"IsCanceled":false,"IsAborted":false,"Error":null,"AttachmentSets":[],"InvokedDataCollectors":[],"ElapsedTimeInRunningTests":"00:00:01.5494079","Metrics":{},"DiscoveredExtensions":{"TestDiscoverers":["NUnit.VisualStudio.TestAdapter.NUnit3TestDiscoverer, NUnit3.TestAdapter, Version=4.4.0.0, Culture=neutral, PublicKeyToken=4cb40d35494691ac"],"TestExecutors":["executor://NUnit3TestExecutor"],"TestExecutors2":[],"TestSettingsProviders":[]}},"LastRunTests":{"NewTestResults":[{"TestCase":{"Id":"98e1854f-6b76-0b04-f081-48f15b01643f","FullyQualifiedName":"QuizzAppTest.Services.UserRepositoryTest.UserService_CandidateLogin_Test","DisplayName":"UserService_CandidateLogin_Test","ExecutorUri":"executor://NUnit3TestExecutor","Source":"C:\\Users\\vc\\Desktop\\Git\\git_push\\MiniProject\\QuizzAppSolution\\QuizzAppTest\\bin\\Debug\\net6.0\\fine-code-coverage\\build-output\\QuizzAppTest.dll","CodeFilePath":null,"LineNumber":0,"Properties":[{"Key":{"Id":"NUnit.Seed","Label":"Seed","Category":"","Description":"","Attributes":0,"ValueType":"System.String"},"Value":"1962630804"}]},"Attachments":[],"Outcome":1,"ErrorMessage":null,"ErrorStackTrace":null,"DisplayName":"UserService_CandidateLogin_Test","Messages":[],"ComputerName":"DESKTOP-7UH0GM7","Duration":"00:00:00.0041859","StartTime":"2024-06-19T11:16:38.0469265+00:00","EndTime":"2024-06-19T11:16:38.051112+00:00","Properties":[{"Key":{"Id":"NUnit.Seed","Label":"Seed","Category":"","Description":"","Attributes":0,"ValueType":"System.String"},"Value":"1962630804"}]},{"TestCase":{"Id":"55e8254f-2cde-07ac-a14c-dd93567758c2","FullyQualifiedName":"QuizzAppTest.Services.UserRepositoryTest.UserService_OrganizerLogin_Test","DisplayName":"UserService_OrganizerLogin_Test","ExecutorUri":"executor://NUnit3TestExecutor","Source":"C:\\Users\\vc\\Desktop\\Git\\git_push\\MiniProject\\QuizzAppSolution\\QuizzAppTest\\bin\\Debug\\net6.0\\fine-code-coverage\\build-output\\QuizzAppTest.dll","CodeFilePath":null,"LineNumber":0,"Properties":[{"Key":{"Id":"NUnit.Seed","Label":"Seed","Category":"","Description":"","Attributes":0,"ValueType":"System.String"},"Value":"1501590947"}]},"Attachments":[],"Outcome":1,"ErrorMessage":null,"ErrorStackTrace":null,"DisplayName":"UserService_OrganizerLogin_Test","Messages":[],"ComputerName":"DESKTOP-7UH0GM7","Duration":"00:00:00.0033340","StartTime":"2024-06-19T11:16:38.0511371+00:00","EndTime":"2024-06-19T11:16:38.0544711+00:00","Properties":[{"Key":{"Id":"NUnit.Seed","Label":"Seed","Category":"","Description":"","Attributes":0,"ValueType":"System.String"},"Value":"1501590947"}]},{"TestCase":{"Id":"4e8cd777-dfa0-12d4-942b-2bde24813443","FullyQualifiedName":"QuizzAppTest.Services.UserServiceTest.UserService_CandidateLogin_Test","DisplayName":"UserService_CandidateLogin_Test","ExecutorUri":"executor://NUnit3TestExecutor","Source":"C:\\Users\\vc\\Desktop\\Git\\git_push\\MiniProject\\QuizzAppSolution\\QuizzAppTest\\bin\\Debug\\net6.0\\fine-code-coverage\\build-output\\QuizzAppTest.dll","CodeFilePath":null,"LineNumber":0,"Properties":[{"Key":{"Id":"NUnit.Seed","Label":"Seed","Category":"","Description":"","Attributes":0,"ValueType":"System.String"},"Value":"386990100"}]},"Attachments":[],"Outcome":1,"ErrorMessage":null,"ErrorStackTrace":null,"DisplayName":"UserService_CandidateLogin_Test","Messages":[],"ComputerName":"DESKTOP-7UH0GM7","Duration":"00:00:00.0003390","StartTime":"2024-06-19T11:16:38.0546141+00:00","EndTime":"2024-06-19T11:16:38.0549528+00:00","Properties":[{"Key":{"Id":"NUnit.Seed","Label":"Seed","Category":"","Description":"","Attributes":0,"ValueType":"System.String"},"Value":"386990100"}]}],"TestRunStatistics":{"ExecutedTests":39,"Stats":{"Passed":38,"Failed":1}},"ActiveTests":[]},"RunAttachments":[],"ExecutorUris":["executor://nunit3testexecutor/"]}}
TpTrace Verbose: 0 : 26236, 13, 2024/06/19, 16:46:38.082, 5891626231632, vstest.console.dll, TestRequestSender.EndSession: Sending end session.
TpTrace Verbose: 0 : 26236, 13, 2024/06/19, 16:46:38.083, 5891626233300, vstest.console.dll, ProxyOperationManager.Close: waiting for test host to exit for 100 ms
TpTrace Verbose: 0 : 26236, 12, 2024/06/19, 16:46:38.125, 5891626654229, vstest.console.dll, TestHostManagerCallbacks.ctor: Experimental forwarding output is disabled.
TpTrace Warning: 0 : 26236, 12, 2024/06/19, 16:46:38.125, 5891626655203, vstest.console.dll, TestHostManagerCallbacks.ErrorReceivedCallback Test host standard error line: 
TpTrace Verbose: 0 : 26236, 12, 2024/06/19, 16:46:38.134, 5891626743296, vstest.console.dll, TestHostProvider.ExitCallBack: Host exited starting callback.
TpTrace Information: 0 : 26236, 12, 2024/06/19, 16:46:38.134, 5891626744509, vstest.console.dll, TestHostManagerCallbacks.ExitCallBack: Testhost processId: 25804 exited with exitcode: 0 error: ''
TpTrace Verbose: 0 : 26236, 12, 2024/06/19, 16:46:38.134, 5891626744735, vstest.console.dll, DotnetTestHostManager.OnHostExited: invoking OnHostExited callback
TpTrace Verbose: 0 : 26236, 12, 2024/06/19, 16:46:38.134, 5891626745096, vstest.console.dll, CrossPlatEngine.TestHostManagerHostExited: calling on client process exit callback.
TpTrace Information: 0 : 26236, 12, 2024/06/19, 16:46:38.134, 5891626745411, vstest.console.dll, TestRequestSender.OnClientProcessExit: Test host process exited. Standard error: 
TpTrace Information: 0 : 26236, 12, 2024/06/19, 16:46:38.134, 5891626745614, vstest.console.dll, SocketServer.Stop: Stop server endPoint: 127.0.0.1:56573
TpTrace Information: 0 : 26236, 12, 2024/06/19, 16:46:38.134, 5891626745751, vstest.console.dll, SocketServer.Stop: Cancellation requested. Stopping message loop.
TpTrace Verbose: 0 : 26236, 12, 2024/06/19, 16:46:38.134, 5891626746398, vstest.console.dll, MulticastDelegateUtilities.SafeInvoke: HostProviderEvents.OnHostExited: Invoking callback 1/1 for Microsoft.VisualStudio.TestPlatform.CrossPlatEngine.Client.ProxyOperationManager., took 0 ms.
TpTrace Information: 0 : 26236, 13, 2024/06/19, 16:46:38.134, 5891626746668, vstest.console.dll, SocketServer.Stop: Stop server endPoint: 127.0.0.1:56573
TpTrace Information: 0 : 26236, 13, 2024/06/19, 16:46:38.134, 5891626747111, vstest.console.dll, SocketServer.Stop: Cancellation requested. Stopping message loop.
TpTrace Information: 0 : 26236, 13, 2024/06/19, 16:46:38.134, 5891626747376, vstest.console.dll, Closing the connection
TpTrace Verbose: 0 : 26236, 13, 2024/06/19, 16:46:38.134, 5891626748788, vstest.console.dll, ProxyDataCollectionManager.InvokeDataCollectionServiceAction: Starting.
TpTrace Information: 0 : 26236, 13, 2024/06/19, 16:46:38.134, 5891626749030, vstest.console.dll, ProxyDataCollectionManager.AfterTestRunEnd: Get attachment set and invoked data collectors processId: 20308 port: 56570
TpTrace Verbose: 0 : 26236, 13, 2024/06/19, 16:46:38.134, 5891626749811, vstest.console.dll, DataCollectionRequestSender.SendAfterTestRunStartAndGetResult: Send AfterTestRunEnd message with isCancelled: False
TpTrace Verbose: 0 : 26236, 13, 2024/06/19, 16:46:38.139, 5891626801453, vstest.console.dll, DataCollectionRequestSender.SendAfterTestRunStartAndGetResult: Received message: (DataCollection.AfterTestRunEndResult) -> {"MessageType":"DataCollection.AfterTestRunEndResult","Payload":{"AttachmentSets":[],"InvokedDataCollectors":[{"Uri":"datacollector://Microsoft/TestPlatform/Extensions/Blame/v1","FriendlyName":"Blame","AssemblyQualifiedName":"Microsoft.TestPlatform.Extensions.BlameDataCollector.BlameCollector, Microsoft.TestPlatform.Extensions.BlameDataCollector, Version=15.0.0.0, Culture=neutral, PublicKeyToken=b03f5f7f11d50a3a","FilePath":"C:\\Program Files\\dotnet\\sdk\\8.0.300\\Extensions\\Microsoft.TestPlatform.Extensions.BlameDataCollector.dll","HasAttachmentProcessor":false}],"Metrics":{}}}
TpTrace Information: 0 : 26236, 13, 2024/06/19, 16:46:38.143, 5891626840590, vstest.console.dll, ProxyDataCollectionManager.InvokeDataCollectionServiceAction: Completed.
TpTrace Warning: 0 : 26236, 10, 2024/06/19, 16:46:38.159, 5891627001497, vstest.console.dll, DataCollectionLauncher.ErrorReceivedCallback datacollector standard error line: 
TpTrace Information: 0 : 26236, 10, 2024/06/19, 16:46:38.167, 5891627075477, vstest.console.dll, DataCollectionLauncher.ExitCallBack: Data collector exited with exitcode: 0 error: ''
TpTrace Verbose: 0 : 26236, 13, 2024/06/19, 16:46:38.172, 5891627131824, vstest.console.dll, TestRunRequest:SendTestRunStatsChange: Starting.
TpTrace Verbose: 0 : 26236, 13, 2024/06/19, 16:46:38.173, 5891627133063, vstest.console.dll, MulticastDelegateUtilities.SafeInvoke: TestRun.RunStatsChanged: Invoking callbacks was skipped because there are no subscribers.
TpTrace Information: 0 : 26236, 13, 2024/06/19, 16:46:38.173, 5891627133234, vstest.console.dll, TestRunRequest:SendTestRunStatsChange: Completed.
TpTrace Verbose: 0 : 26236, 4, 2024/06/19, 16:46:38.173, 5891627133854, vstest.console.dll, MulticastDelegateUtilities.SafeInvoke: InternalTestLoggerEvents.SendTestResult: Invoking callback 1/1 for Microsoft.VisualStudio.TestPlatform.CommandLine.Internal.ConsoleLogger., took 0 ms.
TpTrace Verbose: 0 : 26236, 4, 2024/06/19, 16:46:38.173, 5891627134190, vstest.console.dll, MulticastDelegateUtilities.SafeInvoke: InternalTestLoggerEvents.SendTestResult: Invoking callback 1/1 for Microsoft.VisualStudio.TestPlatform.CommandLine.Internal.ConsoleLogger., took 0 ms.
TpTrace Verbose: 0 : 26236, 4, 2024/06/19, 16:46:38.173, 5891627134451, vstest.console.dll, MulticastDelegateUtilities.SafeInvoke: InternalTestLoggerEvents.SendTestResult: Invoking callback 1/1 for Microsoft.VisualStudio.TestPlatform.CommandLine.Internal.ConsoleLogger., took 0 ms.
TpTrace Verbose: 0 : 26236, 13, 2024/06/19, 16:46:38.173, 5891627135597, vstest.console.dll, ParallelProxyExecutionManager: HandlePartialRunComplete: Total workloads = 1, Total started clients = 1 Total completed clients = 1, Run complete = True, Run canceled: False.
TpTrace Verbose: 0 : 26236, 13, 2024/06/19, 16:46:38.173, 5891627135845, vstest.console.dll, ParallelProxyExecutionManager: HandlePartialRunComplete: All runs completed stopping all managers.
TpTrace Verbose: 0 : 26236, 13, 2024/06/19, 16:46:38.173, 5891627136031, vstest.console.dll, ParallelOperationManager.StopAllManagers: Stopping all managers.
TpTrace Verbose: 0 : 26236, 13, 2024/06/19, 16:46:38.173, 5891627136193, vstest.console.dll, ParallelOperationManager.ClearSlots: Clearing all slots. Slots should accept more work: False
TpTrace Verbose: 0 : 26236, 13, 2024/06/19, 16:46:38.173, 5891627136479, vstest.console.dll, ParallelOperationManager.SetOccupiedSlotCount: Setting slot counts AvailableSlotCount = 1, OccupiedSlotCount = 0.
TpTrace Verbose: 0 : 26236, 13, 2024/06/19, 16:46:38.173, 5891627136772, vstest.console.dll, Occupied slots:

TpTrace Verbose: 0 : 26236, 4, 2024/06/19, 16:46:38.179, 5891627200763, vstest.console.dll, MulticastDelegateUtilities.SafeInvoke: InternalTestLoggerEvents.SendTestRunComplete: Invoking callback 1/2 for Microsoft.TestPlatform.Extensions.BlameDataCollector.BlameLogger., took 0 ms.
TpTrace Verbose: 0 : 26236, 4, 2024/06/19, 16:46:38.184, 5891627242363, vstest.console.dll, MulticastDelegateUtilities.SafeInvoke: InternalTestLoggerEvents.SendTestRunComplete: Invoking callback 2/2 for Microsoft.VisualStudio.TestPlatform.CommandLine.Internal.ConsoleLogger., took 4 ms.
TpTrace Verbose: 0 : 26236, 13, 2024/06/19, 16:46:38.184, 5891627245668, vstest.console.dll, TestRunRequest:TestRunComplete: Starting. IsAborted:False IsCanceled:False.
TpTrace Verbose: 0 : 26236, 13, 2024/06/19, 16:46:38.184, 5891627247004, vstest.console.dll, ParallelOperationManager.DoActionOnAllManagers: Calling an action on all managers.
TpTrace Verbose: 0 : 26236, 13, 2024/06/19, 16:46:38.185, 5891627253057, vstest.console.dll, TestLoggerManager.HandleTestRunComplete: Ignoring as the object is disposed.
TpTrace Verbose: 0 : 26236, 13, 2024/06/19, 16:46:38.185, 5891627254544, vstest.console.dll, MulticastDelegateUtilities.SafeInvoke: TestRun.TestRunComplete: Invoking callback 1/2 for Microsoft.VisualStudio.TestPlatform.CommandLine.TestRunResultAggregator., took 0 ms.
TpTrace Verbose: 0 : 26236, 13, 2024/06/19, 16:46:38.185, 5891627255334, vstest.console.dll, MulticastDelegateUtilities.SafeInvoke: TestRun.TestRunComplete: Invoking callback 2/2 for Microsoft.VisualStudio.TestPlatform.CommandLine.Processors.RunTestsArgumentExecutor+TestRunRequestEventsRegistrar., took 0 ms.
TpTrace Information: 0 : 26236, 13, 2024/06/19, 16:46:38.185, 5891627255986, vstest.console.dll, TestRunRequest:TestRunComplete: Completed.
TpTrace Verbose: 0 : 26236, 13, 2024/06/19, 16:46:38.185, 5891627256205, vstest.console.dll, TestRequestSender.SetOperationComplete: Setting operation complete.
TpTrace Verbose: 0 : 26236, 1, 2024/06/19, 16:46:38.185, 5891627256283, vstest.console.dll, TestRunRequest.Dispose: Starting.
TpTrace Information: 0 : 26236, 1, 2024/06/19, 16:46:38.185, 5891627256813, vstest.console.dll, TestRunRequest.Dispose: Completed.
TpTrace Information: 0 : 26236, 1, 2024/06/19, 16:46:38.185, 5891627257092, vstest.console.dll, TestRequestManager.RunTests: run tests completed.
TpTrace Information: 0 : 26236, 13, 2024/06/19, 16:46:38.185, 5891627256364, vstest.console.dll, SocketServer.Stop: Stop server endPoint: 127.0.0.1:56573
TpTrace Information: 0 : 26236, 1, 2024/06/19, 16:46:38.185, 5891627257584, vstest.console.dll, RunTestsArgumentProcessor:Execute: Test run is completed.
TpTrace Information: 0 : 26236, 13, 2024/06/19, 16:46:38.185, 5891627257630, vstest.console.dll, SocketServer.Stop: Cancellation requested. Stopping message loop.
TpTrace Verbose: 0 : 26236, 13, 2024/06/19, 16:46:38.185, 5891627257976, vstest.console.dll, MulticastDelegateUtilities.SafeInvoke: LengthPrefixCommunicationChannel: MessageReceived: Invoking callback 1/1 for Microsoft.VisualStudio.TestPlatform.CommunicationUtilities.TestRequestSender+<>c__DisplayClass34_0., took 102 ms.
TpTrace Information: 0 : 26236, 13, 2024/06/19, 16:46:38.185, 5891627258358, vstest.console.dll, SocketServer.PrivateStop: Stopping server endPoint: 127.0.0.1:56573 error: 
TpTrace Verbose: 0 : 26236, 1, 2024/06/19, 16:46:38.185, 5891627259716, vstest.console.dll, Executor.Execute: Exiting with exit code of 1
TpTrace Verbose: 0 : 26236, 13, 2024/06/19, 16:46:38.185, 5891627261381, vstest.console.dll, LengthPrefixCommunicationChannel.Dispose: Dispose reader and writer.
TpTrace Information: 0 : 26236, 13, 2024/06/19, 16:46:38.185, 5891627262177, vstest.console.dll, SocketServer.Stop: Raise disconnected event endPoint: 127.0.0.1:56573 error: 
TpTrace Verbose: 0 : 26236, 13, 2024/06/19, 16:46:38.186, 5891627262728, vstest.console.dll, TestRequestSender: OnTestRunAbort: Operation is already complete. Skip error message.
TpTrace Verbose: 0 : 26236, 13, 2024/06/19, 16:46:38.186, 5891627262934, vstest.console.dll, MulticastDelegateUtilities.SafeInvoke: SocketServer: ClientDisconnected: Invoking callback 1/1 for Microsoft.VisualStudio.TestPlatform.CommunicationUtilities.TestRequestSender., took 0 ms.
